{"/home/travis/build/npmtest/node-npmtest-sequelize-auto/test.js":{"path":"/home/travis/build/npmtest/node-npmtest-sequelize-auto/test.js","s":{"1":2,"2":2,"3":2,"4":2,"5":2,"6":2,"7":2,"8":1,"9":2,"10":2,"11":1,"12":1,"13":1,"14":1,"15":2,"16":2,"17":2,"18":2,"19":1,"20":1,"21":2,"22":2,"23":2,"24":1,"25":1,"26":1,"27":1,"28":1,"29":1,"30":1,"31":1,"32":1,"33":1,"34":1,"35":1,"36":1,"37":1,"38":1,"39":2,"40":2,"41":1,"42":2,"43":2,"44":1,"45":2,"46":2,"47":1,"48":2,"49":2,"50":1,"51":1,"52":1,"53":1,"54":1},"b":{"1":[2,1,1,1],"2":[1,1,1,1],"3":[1,1],"4":[1,1],"5":[1,1],"6":[1,1],"7":[1,1],"8":[1,1],"9":[1,1],"10":[1,1,1],"11":[1,1],"12":[1,1],"13":[1,1],"14":[1,1],"15":[1,1],"16":[1,1],"17":[1,1]},"f":{"1":2,"2":2,"3":2,"4":2,"5":2,"6":1,"7":1,"8":1,"9":2,"10":2,"11":2,"12":2,"13":1},"fnMap":{"1":{"name":"(anonymous_1)","line":12,"loc":{"start":{"line":12,"column":1},"end":{"line":12,"column":13}}},"2":{"name":"(anonymous_2)","line":19,"loc":{"start":{"line":19,"column":5},"end":{"line":19,"column":17}}},"3":{"name":"(anonymous_3)","line":23,"loc":{"start":{"line":23,"column":24},"end":{"line":23,"column":36}}},"4":{"name":"(anonymous_4)","line":61,"loc":{"start":{"line":61,"column":5},"end":{"line":61,"column":17}}},"5":{"name":"(anonymous_5)","line":82,"loc":{"start":{"line":82,"column":5},"end":{"line":82,"column":17}}},"6":{"name":"(anonymous_6)","line":91,"loc":{"start":{"line":91,"column":77},"end":{"line":94,"column":10}}},"7":{"name":"(anonymous_7)","line":112,"loc":{"start":{"line":112,"column":83},"end":{"line":115,"column":10}},"skip":true},"8":{"name":"(anonymous_8)","line":123,"loc":{"start":{"line":123,"column":77},"end":{"line":126,"column":10}},"skip":true},"9":{"name":"(anonymous_9)","line":139,"loc":{"start":{"line":139,"column":12},"end":{"line":139,"column":40}},"skip":true},"10":{"name":"(anonymous_10)","line":147,"loc":{"start":{"line":147,"column":77},"end":{"line":150,"column":10}},"skip":true},"11":{"name":"(anonymous_11)","line":158,"loc":{"start":{"line":158,"column":83},"end":{"line":161,"column":10}},"skip":true},"12":{"name":"(anonymous_12)","line":169,"loc":{"start":{"line":169,"column":79},"end":{"line":172,"column":10}},"skip":true},"13":{"name":"(anonymous_13)","line":180,"loc":{"start":{"line":180,"column":75},"end":{"line":183,"column":10}},"skip":true}},"statementMap":{"1":{"start":{"line":12,"column":0},"end":{"line":195,"column":5}},"2":{"start":{"line":14,"column":4},"end":{"line":14,"column":14}},"3":{"start":{"line":19,"column":4},"end":{"line":56,"column":9}},"4":{"start":{"line":21,"column":8},"end":{"line":21,"column":19}},"5":{"start":{"line":23,"column":8},"end":{"line":35,"column":13}},"6":{"start":{"line":24,"column":12},"end":{"line":34,"column":13}},"7":{"start":{"line":25,"column":16},"end":{"line":28,"column":30}},"8":{"start":{"line":30,"column":16},"end":{"line":33,"column":27}},"9":{"start":{"line":37,"column":8},"end":{"line":39,"column":21}},"10":{"start":{"line":40,"column":8},"end":{"line":53,"column":9}},"11":{"start":{"line":43,"column":12},"end":{"line":46,"column":14}},"12":{"start":{"line":47,"column":12},"end":{"line":47,"column":18}},"13":{"start":{"line":50,"column":12},"end":{"line":51,"column":46}},"14":{"start":{"line":52,"column":12},"end":{"line":52,"column":18}},"15":{"start":{"line":55,"column":8},"end":{"line":55,"column":35}},"16":{"start":{"line":61,"column":4},"end":{"line":63,"column":9}},"17":{"start":{"line":62,"column":8},"end":{"line":62,"column":15}},"18":{"start":{"line":64,"column":4},"end":{"line":77,"column":5}},"19":{"start":{"line":70,"column":8},"end":{"line":70,"column":14}},"20":{"start":{"line":76,"column":8},"end":{"line":76,"column":14}},"21":{"start":{"line":82,"column":4},"end":{"line":84,"column":9}},"22":{"start":{"line":83,"column":8},"end":{"line":83,"column":15}},"23":{"start":{"line":85,"column":4},"end":{"line":194,"column":5}},"24":{"start":{"line":91,"column":8},"end":{"line":99,"column":10}},"25":{"start":{"line":98,"column":12},"end":{"line":98,"column":35}},"26":{"start":{"line":102,"column":8},"end":{"line":104,"column":63}},"27":{"start":{"line":105,"column":8},"end":{"line":105,"column":14}},"28":{"start":{"line":112,"column":8},"end":{"line":121,"column":10},"skip":true},"29":{"start":{"line":119,"column":12},"end":{"line":119,"column":55},"skip":true},"30":{"start":{"line":120,"column":12},"end":{"line":120,"column":48},"skip":true},"31":{"start":{"line":123,"column":8},"end":{"line":136,"column":10},"skip":true},"32":{"start":{"line":130,"column":12},"end":{"line":130,"column":76},"skip":true},"33":{"start":{"line":131,"column":12},"end":{"line":131,"column":73},"skip":true},"34":{"start":{"line":132,"column":12},"end":{"line":132,"column":74},"skip":true},"35":{"start":{"line":133,"column":12},"end":{"line":133,"column":79},"skip":true},"36":{"start":{"line":134,"column":12},"end":{"line":134,"column":25},"skip":true},"37":{"start":{"line":135,"column":12},"end":{"line":135,"column":45},"skip":true},"38":{"start":{"line":138,"column":8},"end":{"line":145,"column":14},"skip":true},"39":{"start":{"line":143,"column":16},"end":{"line":143,"column":29},"skip":true},"40":{"start":{"line":144,"column":16},"end":{"line":144,"column":55},"skip":true},"41":{"start":{"line":147,"column":8},"end":{"line":156,"column":10},"skip":true},"42":{"start":{"line":154,"column":12},"end":{"line":154,"column":25},"skip":true},"43":{"start":{"line":155,"column":12},"end":{"line":155,"column":45},"skip":true},"44":{"start":{"line":158,"column":8},"end":{"line":167,"column":10},"skip":true},"45":{"start":{"line":165,"column":12},"end":{"line":165,"column":25},"skip":true},"46":{"start":{"line":166,"column":12},"end":{"line":166,"column":48},"skip":true},"47":{"start":{"line":169,"column":8},"end":{"line":178,"column":10},"skip":true},"48":{"start":{"line":176,"column":12},"end":{"line":176,"column":25},"skip":true},"49":{"start":{"line":177,"column":12},"end":{"line":177,"column":46},"skip":true},"50":{"start":{"line":180,"column":8},"end":{"line":189,"column":10},"skip":true},"51":{"start":{"line":187,"column":12},"end":{"line":187,"column":94},"skip":true},"52":{"start":{"line":188,"column":12},"end":{"line":188,"column":48},"skip":true},"53":{"start":{"line":192,"column":8},"end":{"line":192,"column":35},"skip":true},"54":{"start":{"line":193,"column":8},"end":{"line":193,"column":14},"skip":true}},"branchMap":{"1":{"line":25,"type":"binary-expr","locations":[{"start":{"line":25,"column":23},"end":{"line":25,"column":62}},{"start":{"line":26,"column":20},"end":{"line":26,"column":70}},{"start":{"line":27,"column":20},"end":{"line":27,"column":71}},{"start":{"line":28,"column":20},"end":{"line":28,"column":29}}]},"2":{"line":30,"type":"binary-expr","locations":[{"start":{"line":30,"column":23},"end":{"line":30,"column":37}},{"start":{"line":31,"column":20},"end":{"line":31,"column":61}},{"start":{"line":32,"column":20},"end":{"line":32,"column":70}},{"start":{"line":33,"column":20},"end":{"line":33,"column":26}}]},"3":{"line":37,"type":"cond-expr","locations":[{"start":{"line":38,"column":14},"end":{"line":38,"column":20}},{"start":{"line":39,"column":14},"end":{"line":39,"column":20}}]},"4":{"line":40,"type":"switch","locations":[{"start":{"line":42,"column":8},"end":{"line":47,"column":18}},{"start":{"line":49,"column":8},"end":{"line":52,"column":18}}]},"5":{"line":44,"type":"binary-expr","locations":[{"start":{"line":44,"column":16},"end":{"line":44,"column":44}},{"start":{"line":44,"column":48},"end":{"line":44,"column":66}}]},"6":{"line":50,"type":"binary-expr","locations":[{"start":{"line":50,"column":21},"end":{"line":50,"column":49}},{"start":{"line":50,"column":53},"end":{"line":50,"column":72}}]},"7":{"line":64,"type":"switch","locations":[{"start":{"line":69,"column":4},"end":{"line":70,"column":14}},{"start":{"line":75,"column":4},"end":{"line":76,"column":14}}]},"8":{"line":85,"type":"switch","locations":[{"start":{"line":90,"column":4},"end":{"line":105,"column":14}},{"start":{"line":111,"column":4},"end":{"line":193,"column":14},"skip":true}]},"9":{"line":91,"type":"binary-expr","locations":[{"start":{"line":91,"column":42},"end":{"line":91,"column":73}},{"start":{"line":91,"column":77},"end":{"line":99,"column":9}}]},"10":{"line":102,"type":"binary-expr","locations":[{"start":{"line":102,"column":18},"end":{"line":102,"column":32}},{"start":{"line":103,"column":12},"end":{"line":103,"column":53}},{"start":{"line":104,"column":12},"end":{"line":104,"column":61}}]},"11":{"line":112,"type":"binary-expr","locations":[{"start":{"line":112,"column":45},"end":{"line":112,"column":79},"skip":true},{"start":{"line":112,"column":83},"end":{"line":121,"column":9},"skip":true}]},"12":{"line":123,"type":"binary-expr","locations":[{"start":{"line":123,"column":42},"end":{"line":123,"column":73},"skip":true},{"start":{"line":123,"column":77},"end":{"line":136,"column":9},"skip":true}]},"13":{"line":138,"type":"binary-expr","locations":[{"start":{"line":138,"column":48},"end":{"line":138,"column":85},"skip":true},{"start":{"line":139,"column":12},"end":{"line":145,"column":13},"skip":true}]},"14":{"line":147,"type":"binary-expr","locations":[{"start":{"line":147,"column":42},"end":{"line":147,"column":73},"skip":true},{"start":{"line":147,"column":77},"end":{"line":156,"column":9},"skip":true}]},"15":{"line":158,"type":"binary-expr","locations":[{"start":{"line":158,"column":45},"end":{"line":158,"column":79},"skip":true},{"start":{"line":158,"column":83},"end":{"line":167,"column":9},"skip":true}]},"16":{"line":169,"type":"binary-expr","locations":[{"start":{"line":169,"column":43},"end":{"line":169,"column":75},"skip":true},{"start":{"line":169,"column":79},"end":{"line":178,"column":9},"skip":true}]},"17":{"line":180,"type":"binary-expr","locations":[{"start":{"line":180,"column":41},"end":{"line":180,"column":71},"skip":true},{"start":{"line":180,"column":75},"end":{"line":189,"column":9},"skip":true}]}},"code":["/* istanbul instrument in package npmtest_sequelize_auto */","/*jslint","    bitwise: true,","    browser: true,","    maxerr: 8,","    maxlen: 96,","    node: true,","    nomen: true,","    regexp: true,","    stupid: true","*/","(function () {","    'use strict';","    var local;","","","","    // run shared js-env code - pre-init","    (function () {","        // init local","        local = {};","        // init modeJs","        local.modeJs = (function () {","            try {","                return typeof navigator.userAgent === 'string' &&","                    typeof document.querySelector('body') === 'object' &&","                    typeof XMLHttpRequest.prototype.open === 'function' &&","                    'browser';","            } catch (errorCaughtBrowser) {","                return module.exports &&","                    typeof process.versions.node === 'string' &&","                    typeof require('http').createServer === 'function' &&","                    'node';","            }","        }());","        // init global","        local.global = local.modeJs === 'browser'","            ? window","            : global;","        switch (local.modeJs) {","        // re-init local from window.local","        case 'browser':","            local = local.global.utility2.objectSetDefault(","                local.global.utility2_rollup || local.global.local,","                local.global.utility2","            );","            break;","        // re-init local from example.js","        case 'node':","            local = (local.global.utility2_rollup || require('utility2'))","                .requireExampleJsFromReadme();","            break;","        }","        // export local","        local.global.local = local;","    }());","","","","    // run shared js-env code - function","    (function () {","        return;","    }());","    switch (local.modeJs) {","","","","    // run browser js-env code - function","    case 'browser':","        break;","","","","    // run node js-env code - function","    case 'node':","        break;","    }","","","","    // run shared js-env code - post-init","    (function () {","        return;","    }());","    switch (local.modeJs) {","","","","    // run browser js-env code - post-init","    case 'browser':","        local.testCase_browser_nullCase = local.testCase_browser_nullCase || function (","            options,","            onError","        ) {","        /*","         * this function will test browsers's null-case handling-behavior-behavior","         */","            onError(null, options);","        };","","        // run tests","        local.nop(local.modeTest &&","            document.querySelector('#testRunButton1') &&","            document.querySelector('#testRunButton1').click());","        break;","","","","    // run node js-env code - post-init","    /* istanbul ignore next */","    case 'node':","        local.testCase_buildApidoc_default = local.testCase_buildApidoc_default || function (","            options,","            onError","        ) {","        /*","         * this function will test buildApidoc's default handling-behavior-behavior","         */","            options = { modulePathList: module.paths };","            local.buildApidoc(options, onError);","        };","","        local.testCase_buildApp_default = local.testCase_buildApp_default || function (","            options,","            onError","        ) {","        /*","         * this function will test buildApp's default handling-behavior-behavior","         */","            local.testCase_buildReadme_default(options, local.onErrorThrow);","            local.testCase_buildLib_default(options, local.onErrorThrow);","            local.testCase_buildTest_default(options, local.onErrorThrow);","            local.testCase_buildCustomOrg_default(options, local.onErrorThrow);","            options = [];","            local.buildApp(options, onError);","        };","","        local.testCase_buildCustomOrg_default = local.testCase_buildCustomOrg_default ||","            function (options, onError) {","            /*","             * this function will test buildCustomOrg's default handling-behavior","             */","                options = {};","                local.buildCustomOrg(options, onError);","            };","","        local.testCase_buildLib_default = local.testCase_buildLib_default || function (","            options,","            onError","        ) {","        /*","         * this function will test buildLib's default handling-behavior","         */","            options = {};","            local.buildLib(options, onError);","        };","","        local.testCase_buildReadme_default = local.testCase_buildReadme_default || function (","            options,","            onError","        ) {","        /*","         * this function will test buildReadme's default handling-behavior-behavior","         */","            options = {};","            local.buildReadme(options, onError);","        };","","        local.testCase_buildTest_default = local.testCase_buildTest_default || function (","            options,","            onError","        ) {","        /*","         * this function will test buildTest's default handling-behavior","         */","            options = {};","            local.buildTest(options, onError);","        };","","        local.testCase_webpage_default = local.testCase_webpage_default || function (","            options,","            onError","        ) {","        /*","         * this function will test webpage's default handling-behavior","         */","            options = { modeCoverageMerge: true, url: local.serverLocalHost + '?modeTest=1' };","            local.browserTest(options, onError);","        };","","        // run test-server","        local.testRunServer(local);","        break;","    }","}());",""],"l":{"12":2,"14":2,"19":2,"21":2,"23":2,"24":2,"25":2,"30":1,"37":2,"40":2,"43":1,"47":1,"50":1,"52":1,"55":2,"61":2,"62":2,"64":2,"70":1,"76":1,"82":2,"83":2,"85":2,"91":1,"98":1,"102":1,"105":1,"112":1,"119":1,"120":1,"123":1,"130":1,"131":1,"132":1,"133":1,"134":1,"135":1,"138":1,"143":2,"144":2,"147":1,"154":2,"155":2,"158":1,"165":2,"166":2,"169":1,"176":2,"177":2,"180":1,"187":1,"188":1,"192":1,"193":1}},"/home/travis/build/npmtest/node-npmtest-sequelize-auto/lib.npmtest_sequelize_auto.js":{"path":"/home/travis/build/npmtest/node-npmtest-sequelize-auto/lib.npmtest_sequelize_auto.js","s":{"1":2,"2":2,"3":2,"4":2,"5":2,"6":2,"7":2,"8":1,"9":2,"10":2,"11":2,"12":2,"13":1,"14":1,"15":1,"16":1},"b":{"1":[2,1,1,1],"2":[1,1,1,1],"3":[1,1],"4":[2,2],"5":[1,1]},"f":{"1":2,"2":2,"3":2},"fnMap":{"1":{"name":"(anonymous_1)","line":12,"loc":{"start":{"line":12,"column":1},"end":{"line":12,"column":13}}},"2":{"name":"(anonymous_2)","line":19,"loc":{"start":{"line":19,"column":5},"end":{"line":19,"column":17}}},"3":{"name":"(anonymous_3)","line":23,"loc":{"start":{"line":23,"column":24},"end":{"line":23,"column":36}}}},"statementMap":{"1":{"start":{"line":12,"column":0},"end":{"line":53,"column":5}},"2":{"start":{"line":14,"column":4},"end":{"line":14,"column":14}},"3":{"start":{"line":19,"column":4},"end":{"line":52,"column":9}},"4":{"start":{"line":21,"column":8},"end":{"line":21,"column":19}},"5":{"start":{"line":23,"column":8},"end":{"line":35,"column":13}},"6":{"start":{"line":24,"column":12},"end":{"line":34,"column":13}},"7":{"start":{"line":25,"column":16},"end":{"line":28,"column":30}},"8":{"start":{"line":30,"column":16},"end":{"line":33,"column":27}},"9":{"start":{"line":37,"column":8},"end":{"line":39,"column":21}},"10":{"start":{"line":41,"column":8},"end":{"line":41,"column":54}},"11":{"start":{"line":43,"column":8},"end":{"line":43,"column":59}},"12":{"start":{"line":45,"column":8},"end":{"line":51,"column":9}},"13":{"start":{"line":46,"column":12},"end":{"line":46,"column":65}},"14":{"start":{"line":48,"column":12},"end":{"line":48,"column":35}},"15":{"start":{"line":49,"column":12},"end":{"line":49,"column":49}},"16":{"start":{"line":50,"column":12},"end":{"line":50,"column":43}}},"branchMap":{"1":{"line":25,"type":"binary-expr","locations":[{"start":{"line":25,"column":23},"end":{"line":25,"column":62}},{"start":{"line":26,"column":20},"end":{"line":26,"column":70}},{"start":{"line":27,"column":20},"end":{"line":27,"column":71}},{"start":{"line":28,"column":20},"end":{"line":28,"column":29}}]},"2":{"line":30,"type":"binary-expr","locations":[{"start":{"line":30,"column":23},"end":{"line":30,"column":37}},{"start":{"line":31,"column":20},"end":{"line":31,"column":61}},{"start":{"line":32,"column":20},"end":{"line":32,"column":70}},{"start":{"line":33,"column":20},"end":{"line":33,"column":26}}]},"3":{"line":37,"type":"cond-expr","locations":[{"start":{"line":38,"column":14},"end":{"line":38,"column":20}},{"start":{"line":39,"column":14},"end":{"line":39,"column":20}}]},"4":{"line":41,"type":"binary-expr","locations":[{"start":{"line":41,"column":16},"end":{"line":41,"column":44}},{"start":{"line":41,"column":48},"end":{"line":41,"column":53}}]},"5":{"line":45,"type":"if","locations":[{"start":{"line":45,"column":8},"end":{"line":45,"column":8}},{"start":{"line":45,"column":8},"end":{"line":45,"column":8}}]}},"code":["/* istanbul instrument in package npmtest_sequelize_auto */","/*jslint","    bitwise: true,","    browser: true,","    maxerr: 8,","    maxlen: 96,","    node: true,","    nomen: true,","    regexp: true,","    stupid: true","*/","(function () {","    'use strict';","    var local;","","","","    // run shared js-env code - pre-init","    (function () {","        // init local","        local = {};","        // init modeJs","        local.modeJs = (function () {","            try {","                return typeof navigator.userAgent === 'string' &&","                    typeof document.querySelector('body') === 'object' &&","                    typeof XMLHttpRequest.prototype.open === 'function' &&","                    'browser';","            } catch (errorCaughtBrowser) {","                return module.exports &&","                    typeof process.versions.node === 'string' &&","                    typeof require('http').createServer === 'function' &&","                    'node';","            }","        }());","        // init global","        local.global = local.modeJs === 'browser'","            ? window","            : global;","        // init utility2_rollup","        local = local.global.utility2_rollup || local;","        // init lib","        local.local = local.npmtest_sequelize_auto = local;","        // init exports","        if (local.modeJs === 'browser') {","            local.global.utility2_npmtest_sequelize_auto = local;","        } else {","            module.exports = local;","            module.exports.__dirname = __dirname;","            module.exports.module = module;","        }","    }());","}());",""],"l":{"12":2,"14":2,"19":2,"21":2,"23":2,"24":2,"25":2,"30":1,"37":2,"41":2,"43":2,"45":2,"46":1,"48":1,"49":1,"50":1}},"/home/travis/build/npmtest/node-npmtest-sequelize-auto/example.js":{"path":"/home/travis/build/npmtest/node-npmtest-sequelize-auto/example.js","s":{"1":2,"2":2,"3":2,"4":2,"5":2,"6":2,"7":2,"8":1,"9":2,"10":2,"11":2,"12":2,"13":1,"14":2,"15":2,"16":2,"17":2,"18":2,"19":0,"20":2,"21":1,"22":1,"23":1,"24":1,"25":1,"26":0,"27":0,"28":1,"29":1,"30":2,"31":0,"32":0,"33":0,"34":1,"35":2,"36":2,"37":3,"38":3,"39":3,"40":3,"41":0,"42":3,"43":3,"44":3,"45":1,"46":3,"47":1,"48":1,"49":1,"50":1,"51":1,"52":1,"53":1,"54":1,"55":1,"56":1,"57":0,"58":1,"59":6,"60":6,"61":1,"62":2,"63":0,"64":2,"65":1,"66":1,"67":0,"68":0,"69":0,"70":0,"71":0,"72":0,"73":0,"74":0,"75":0,"76":0,"77":0,"78":0,"79":0,"80":0,"81":0,"82":0,"83":0},"b":{"1":[2,1,1,1],"2":[1,1,1,1],"3":[1,1],"4":[2,2],"5":[1,1],"6":[1,1],"7":[2,0],"8":[2,1,1,1,1,1],"9":[0,2,0],"10":[1,1],"11":[2,1,1],"12":[1,0],"13":[0,2],"14":[2,0,0,0,0,0,0],"15":[0,3],"16":[3,0],"17":[1,1],"18":[0,1],"19":[1,2,0,2],"20":[1,0],"21":[1,1],"22":[0,0],"23":[0,0],"24":[0,0],"25":[0,0],"26":[0,0],"27":[0,0],"28":[0,0]},"f":{"1":2,"2":2,"3":2,"4":2,"5":2,"6":2,"7":3,"8":3,"9":3,"10":1,"11":6,"12":0},"fnMap":{"1":{"name":"(anonymous_1)","line":26,"loc":{"start":{"line":26,"column":1},"end":{"line":26,"column":13}}},"2":{"name":"(anonymous_2)","line":33,"loc":{"start":{"line":33,"column":5},"end":{"line":33,"column":17}}},"3":{"name":"(anonymous_3)","line":37,"loc":{"start":{"line":37,"column":24},"end":{"line":37,"column":36}}},"4":{"name":"(anonymous_4)","line":69,"loc":{"start":{"line":69,"column":31},"end":{"line":69,"column":48}},"skip":true},"5":{"name":"(anonymous_5)","line":78,"loc":{"start":{"line":78,"column":26},"end":{"line":78,"column":45}},"skip":true},"6":{"name":"(anonymous_6)","line":123,"loc":{"start":{"line":123,"column":33},"end":{"line":123,"column":48}},"skip":true},"7":{"name":"(anonymous_7)","line":125,"loc":{"start":{"line":125,"column":27},"end":{"line":125,"column":39}},"skip":true},"8":{"name":"(anonymous_8)","line":133,"loc":{"start":{"line":133,"column":59},"end":{"line":133,"column":74}},"skip":true},"9":{"name":"(anonymous_9)","line":143,"loc":{"start":{"line":143,"column":45},"end":{"line":143,"column":62}},"skip":true},"10":{"name":"(anonymous_10)","line":144,"loc":{"start":{"line":144,"column":73},"end":{"line":144,"column":92}},"skip":true},"11":{"name":"(anonymous_11)","line":272,"loc":{"start":{"line":272,"column":51},"end":{"line":272,"column":77}},"skip":true},"12":{"name":"(anonymous_12)","line":315,"loc":{"start":{"line":315,"column":32},"end":{"line":315,"column":61}},"skip":true}},"statementMap":{"1":{"start":{"line":26,"column":0},"end":{"line":326,"column":5}},"2":{"start":{"line":28,"column":4},"end":{"line":28,"column":14}},"3":{"start":{"line":33,"column":4},"end":{"line":60,"column":9}},"4":{"start":{"line":35,"column":8},"end":{"line":35,"column":19}},"5":{"start":{"line":37,"column":8},"end":{"line":49,"column":13}},"6":{"start":{"line":38,"column":12},"end":{"line":48,"column":13}},"7":{"start":{"line":39,"column":16},"end":{"line":42,"column":30}},"8":{"start":{"line":44,"column":16},"end":{"line":47,"column":27}},"9":{"start":{"line":51,"column":8},"end":{"line":53,"column":21}},"10":{"start":{"line":55,"column":8},"end":{"line":57,"column":45}},"11":{"start":{"line":59,"column":8},"end":{"line":59,"column":35}},"12":{"start":{"line":61,"column":4},"end":{"line":325,"column":5}},"13":{"start":{"line":69,"column":8},"end":{"line":121,"column":10},"skip":true},"14":{"start":{"line":70,"column":12},"end":{"line":88,"column":13},"skip":true},"15":{"start":{"line":76,"column":16},"end":{"line":87,"column":19},"skip":true},"16":{"start":{"line":79,"column":20},"end":{"line":86,"column":21},"skip":true},"17":{"start":{"line":82,"column":24},"end":{"line":82,"column":43},"skip":true},"18":{"start":{"line":83,"column":24},"end":{"line":83,"column":30},"skip":true},"19":{"start":{"line":85,"column":24},"end":{"line":85,"column":49},"skip":true},"20":{"start":{"line":89,"column":12},"end":{"line":107,"column":13},"skip":true},"21":{"start":{"line":92,"column":16},"end":{"line":102,"column":17},"skip":true},"22":{"start":{"line":93,"column":20},"end":{"line":93,"column":86},"skip":true},"23":{"start":{"line":94,"column":20},"end":{"line":95,"column":45},"skip":true},"24":{"start":{"line":96,"column":20},"end":{"line":96,"column":42},"skip":true},"25":{"start":{"line":97,"column":20},"end":{"line":97,"column":48},"skip":true},"26":{"start":{"line":100,"column":20},"end":{"line":100,"column":85},"skip":true},"27":{"start":{"line":101,"column":20},"end":{"line":101,"column":96},"skip":true},"28":{"start":{"line":103,"column":16},"end":{"line":103,"column":22},"skip":true},"29":{"start":{"line":106,"column":16},"end":{"line":106,"column":22},"skip":true},"30":{"start":{"line":108,"column":12},"end":{"line":120,"column":13},"skip":true},"31":{"start":{"line":114,"column":16},"end":{"line":119,"column":17},"skip":true},"32":{"start":{"line":116,"column":20},"end":{"line":116,"column":78},"skip":true},"33":{"start":{"line":118,"column":20},"end":{"line":118,"column":47},"skip":true},"34":{"start":{"line":123,"column":8},"end":{"line":141,"column":11},"skip":true},"35":{"start":{"line":124,"column":12},"end":{"line":124,"column":54},"skip":true},"36":{"start":{"line":125,"column":12},"end":{"line":140,"column":14},"skip":true},"37":{"start":{"line":126,"column":16},"end":{"line":126,"column":28},"skip":true},"38":{"start":{"line":127,"column":16},"end":{"line":127,"column":69},"skip":true},"39":{"start":{"line":128,"column":16},"end":{"line":128,"column":75},"skip":true},"40":{"start":{"line":129,"column":16},"end":{"line":131,"column":17},"skip":true},"41":{"start":{"line":130,"column":20},"end":{"line":130,"column":27},"skip":true},"42":{"start":{"line":133,"column":16},"end":{"line":137,"column":36},"skip":true},"43":{"start":{"line":134,"column":20},"end":{"line":136,"column":55},"skip":true},"44":{"start":{"line":139,"column":16},"end":{"line":139,"column":57},"skip":true},"45":{"start":{"line":143,"column":8},"end":{"line":147,"column":11},"skip":true},"46":{"start":{"line":144,"column":12},"end":{"line":146,"column":15},"skip":true},"47":{"start":{"line":145,"column":16},"end":{"line":145,"column":70},"skip":true},"48":{"start":{"line":149,"column":8},"end":{"line":149,"column":31},"skip":true},"49":{"start":{"line":150,"column":8},"end":{"line":150,"column":14},"skip":true},"50":{"start":{"line":158,"column":8},"end":{"line":158,"column":31},"skip":true},"51":{"start":{"line":160,"column":8},"end":{"line":160,"column":33},"skip":true},"52":{"start":{"line":161,"column":8},"end":{"line":161,"column":37},"skip":true},"53":{"start":{"line":162,"column":8},"end":{"line":162,"column":35},"skip":true},"54":{"start":{"line":164,"column":8},"end":{"line":164,"column":50},"skip":true},"55":{"start":{"line":166,"column":8},"end":{"line":256,"column":2},"skip":true},"56":{"start":{"line":258,"column":8},"end":{"line":286,"column":9},"skip":true},"57":{"start":{"line":259,"column":12},"end":{"line":269,"column":14},"skip":true},"58":{"start":{"line":271,"column":12},"end":{"line":285,"column":19},"skip":true},"59":{"start":{"line":274,"column":20},"end":{"line":274,"column":35},"skip":true},"60":{"start":{"line":275,"column":20},"end":{"line":284,"column":21},"skip":true},"61":{"start":{"line":277,"column":24},"end":{"line":277,"column":64},"skip":true},"62":{"start":{"line":279,"column":24},"end":{"line":279,"column":40},"skip":true},"63":{"start":{"line":281,"column":24},"end":{"line":281,"column":40},"skip":true},"64":{"start":{"line":283,"column":24},"end":{"line":283,"column":39},"skip":true},"65":{"start":{"line":288,"column":8},"end":{"line":290,"column":9},"skip":true},"66":{"start":{"line":289,"column":12},"end":{"line":289,"column":18},"skip":true},"67":{"start":{"line":291,"column":8},"end":{"line":293,"column":54},"skip":true},"68":{"start":{"line":296,"column":8},"end":{"line":301,"column":37},"skip":true},"69":{"start":{"line":303,"column":8},"end":{"line":303,"column":82},"skip":true},"70":{"start":{"line":306,"column":8},"end":{"line":308,"column":9},"skip":true},"71":{"start":{"line":307,"column":12},"end":{"line":307,"column":82},"skip":true},"72":{"start":{"line":310,"column":8},"end":{"line":312,"column":9},"skip":true},"73":{"start":{"line":311,"column":12},"end":{"line":311,"column":18},"skip":true},"74":{"start":{"line":313,"column":8},"end":{"line":313,"column":54},"skip":true},"75":{"start":{"line":314,"column":8},"end":{"line":314,"column":69},"skip":true},"76":{"start":{"line":315,"column":8},"end":{"line":323,"column":36},"skip":true},"77":{"start":{"line":316,"column":12},"end":{"line":316,"column":61},"skip":true},"78":{"start":{"line":317,"column":12},"end":{"line":320,"column":13},"skip":true},"79":{"start":{"line":318,"column":16},"end":{"line":318,"column":75},"skip":true},"80":{"start":{"line":319,"column":16},"end":{"line":319,"column":23},"skip":true},"81":{"start":{"line":321,"column":12},"end":{"line":321,"column":38},"skip":true},"82":{"start":{"line":322,"column":12},"end":{"line":322,"column":27},"skip":true},"83":{"start":{"line":324,"column":8},"end":{"line":324,"column":14},"skip":true}},"branchMap":{"1":{"line":39,"type":"binary-expr","locations":[{"start":{"line":39,"column":23},"end":{"line":39,"column":62}},{"start":{"line":40,"column":20},"end":{"line":40,"column":70}},{"start":{"line":41,"column":20},"end":{"line":41,"column":71}},{"start":{"line":42,"column":20},"end":{"line":42,"column":29}}]},"2":{"line":44,"type":"binary-expr","locations":[{"start":{"line":44,"column":23},"end":{"line":44,"column":37}},{"start":{"line":45,"column":20},"end":{"line":45,"column":61}},{"start":{"line":46,"column":20},"end":{"line":46,"column":70}},{"start":{"line":47,"column":20},"end":{"line":47,"column":26}}]},"3":{"line":51,"type":"cond-expr","locations":[{"start":{"line":52,"column":14},"end":{"line":52,"column":20}},{"start":{"line":53,"column":14},"end":{"line":53,"column":20}}]},"4":{"line":55,"type":"binary-expr","locations":[{"start":{"line":55,"column":16},"end":{"line":55,"column":44}},{"start":{"line":55,"column":49},"end":{"line":57,"column":43}}]},"5":{"line":55,"type":"cond-expr","locations":[{"start":{"line":56,"column":14},"end":{"line":56,"column":58}},{"start":{"line":57,"column":14},"end":{"line":57,"column":43}}]},"6":{"line":61,"type":"switch","locations":[{"start":{"line":68,"column":4},"end":{"line":150,"column":14},"skip":true},{"start":{"line":156,"column":4},"end":{"line":324,"column":14},"skip":true}]},"7":{"line":70,"type":"if","locations":[{"start":{"line":70,"column":12},"end":{"line":70,"column":12},"skip":true},{"start":{"line":70,"column":12},"end":{"line":70,"column":12},"skip":true}]},"8":{"line":70,"type":"binary-expr","locations":[{"start":{"line":70,"column":16},"end":{"line":70,"column":22},"skip":true},{"start":{"line":70,"column":27},"end":{"line":70,"column":32},"skip":true},{"start":{"line":71,"column":20},"end":{"line":71,"column":39},"skip":true},{"start":{"line":72,"column":20},"end":{"line":72,"column":49},"skip":true},{"start":{"line":73,"column":20},"end":{"line":73,"column":58},"skip":true},{"start":{"line":74,"column":20},"end":{"line":74,"column":69},"skip":true}]},"9":{"line":79,"type":"switch","locations":[{"start":{"line":80,"column":20},"end":{"line":80,"column":33},"skip":true},{"start":{"line":81,"column":20},"end":{"line":83,"column":30},"skip":true},{"start":{"line":84,"column":20},"end":{"line":85,"column":49},"skip":true}]},"10":{"line":89,"type":"switch","locations":[{"start":{"line":90,"column":12},"end":{"line":103,"column":22},"skip":true},{"start":{"line":105,"column":12},"end":{"line":106,"column":22},"skip":true}]},"11":{"line":89,"type":"binary-expr","locations":[{"start":{"line":89,"column":20},"end":{"line":89,"column":25},"skip":true},{"start":{"line":89,"column":29},"end":{"line":89,"column":48},"skip":true},{"start":{"line":89,"column":52},"end":{"line":89,"column":74},"skip":true}]},"12":{"line":92,"type":"if","locations":[{"start":{"line":92,"column":16},"end":{"line":92,"column":16},"skip":true},{"start":{"line":92,"column":16},"end":{"line":92,"column":16},"skip":true}]},"13":{"line":108,"type":"if","locations":[{"start":{"line":108,"column":12},"end":{"line":108,"column":12},"skip":true},{"start":{"line":108,"column":12},"end":{"line":108,"column":12},"skip":true}]},"14":{"line":108,"type":"binary-expr","locations":[{"start":{"line":108,"column":16},"end":{"line":108,"column":61},"skip":true},{"start":{"line":108,"column":66},"end":{"line":108,"column":72},"skip":true},{"start":{"line":108,"column":77},"end":{"line":108,"column":82},"skip":true},{"start":{"line":109,"column":20},"end":{"line":109,"column":39},"skip":true},{"start":{"line":110,"column":20},"end":{"line":110,"column":49},"skip":true},{"start":{"line":111,"column":20},"end":{"line":111,"column":58},"skip":true},{"start":{"line":112,"column":20},"end":{"line":112,"column":68},"skip":true}]},"15":{"line":129,"type":"if","locations":[{"start":{"line":129,"column":16},"end":{"line":129,"column":16},"skip":true},{"start":{"line":129,"column":16},"end":{"line":129,"column":16},"skip":true}]},"16":{"line":134,"type":"cond-expr","locations":[{"start":{"line":135,"column":26},"end":{"line":135,"column":29},"skip":true},{"start":{"line":136,"column":26},"end":{"line":136,"column":54},"skip":true}]},"17":{"line":164,"type":"binary-expr","locations":[{"start":{"line":164,"column":27},"end":{"line":164,"column":43},"skip":true},{"start":{"line":164,"column":47},"end":{"line":164,"column":49},"skip":true}]},"18":{"line":258,"type":"if","locations":[{"start":{"line":258,"column":8},"end":{"line":258,"column":8},"skip":true},{"start":{"line":258,"column":8},"end":{"line":258,"column":8},"skip":true}]},"19":{"line":275,"type":"switch","locations":[{"start":{"line":276,"column":20},"end":{"line":277,"column":64},"skip":true},{"start":{"line":278,"column":20},"end":{"line":279,"column":40},"skip":true},{"start":{"line":280,"column":20},"end":{"line":281,"column":40},"skip":true},{"start":{"line":282,"column":20},"end":{"line":283,"column":39},"skip":true}]},"20":{"line":288,"type":"if","locations":[{"start":{"line":288,"column":8},"end":{"line":288,"column":8},"skip":true},{"start":{"line":288,"column":8},"end":{"line":288,"column":8},"skip":true}]},"21":{"line":288,"type":"binary-expr","locations":[{"start":{"line":288,"column":12},"end":{"line":288,"column":40},"skip":true},{"start":{"line":288,"column":44},"end":{"line":288,"column":67},"skip":true}]},"22":{"line":292,"type":"binary-expr","locations":[{"start":{"line":292,"column":12},"end":{"line":292,"column":50},"skip":true},{"start":{"line":293,"column":12},"end":{"line":293,"column":53},"skip":true}]},"23":{"line":297,"type":"binary-expr","locations":[{"start":{"line":297,"column":12},"end":{"line":297,"column":72},"skip":true},{"start":{"line":298,"column":12},"end":{"line":301,"column":36},"skip":true}]},"24":{"line":303,"type":"binary-expr","locations":[{"start":{"line":303,"column":43},"end":{"line":303,"column":75},"skip":true},{"start":{"line":303,"column":79},"end":{"line":303,"column":81},"skip":true}]},"25":{"line":306,"type":"if","locations":[{"start":{"line":306,"column":8},"end":{"line":306,"column":8},"skip":true},{"start":{"line":306,"column":8},"end":{"line":306,"column":8},"skip":true}]},"26":{"line":310,"type":"if","locations":[{"start":{"line":310,"column":8},"end":{"line":310,"column":8},"skip":true},{"start":{"line":310,"column":8},"end":{"line":310,"column":8},"skip":true}]},"27":{"line":313,"type":"binary-expr","locations":[{"start":{"line":313,"column":27},"end":{"line":313,"column":43},"skip":true},{"start":{"line":313,"column":47},"end":{"line":313,"column":53},"skip":true}]},"28":{"line":317,"type":"if","locations":[{"start":{"line":317,"column":12},"end":{"line":317,"column":12},"skip":true},{"start":{"line":317,"column":12},"end":{"line":317,"column":12},"skip":true}]}},"code":["/*","example.js","","quickstart example","","instruction","    1. save this script as example.js","    2. run the shell command:","        $ npm install npmtest-sequelize-auto && PORT=8081 node example.js","    3. play with the browser-demo on http://127.0.0.1:8081","*/","","","","/* istanbul instrument in package npmtest_sequelize_auto */","/*jslint","    bitwise: true,","    browser: true,","    maxerr: 8,","    maxlen: 96,","    node: true,","    nomen: true,","    regexp: true,","    stupid: true","*/","(function () {","    'use strict';","    var local;","","","","    // run shared js-env code - pre-init","    (function () {","        // init local","        local = {};","        // init modeJs","        local.modeJs = (function () {","            try {","                return typeof navigator.userAgent === 'string' &&","                    typeof document.querySelector('body') === 'object' &&","                    typeof XMLHttpRequest.prototype.open === 'function' &&","                    'browser';","            } catch (errorCaughtBrowser) {","                return module.exports &&","                    typeof process.versions.node === 'string' &&","                    typeof require('http').createServer === 'function' &&","                    'node';","            }","        }());","        // init global","        local.global = local.modeJs === 'browser'","            ? window","            : global;","        // init utility2_rollup","        local = local.global.utility2_rollup || (local.modeJs === 'browser'","            ? local.global.utility2_npmtest_sequelize_auto","            : global.utility2_moduleExports);","        // export local","        local.global.local = local;","    }());","    switch (local.modeJs) {","","","","    // post-init","    // run browser js-env code - post-init","    /* istanbul ignore next */","    case 'browser':","        local.testRunBrowser = function (event) {","            if (!event || (event &&","                    event.currentTarget &&","                    event.currentTarget.className &&","                    event.currentTarget.className.includes &&","                    event.currentTarget.className.includes('onreset'))) {","                // reset output","                Array.from(","                    document.querySelectorAll('body > .resettable')","                ).forEach(function (element) {","                    switch (element.tagName) {","                    case 'INPUT':","                    case 'TEXTAREA':","                        element.value = '';","                        break;","                    default:","                        element.textContent = '';","                    }","                });","            }","            switch (event && event.currentTarget && event.currentTarget.id) {","            case 'testRunButton1':","                // show tests","                if (document.querySelector('#testReportDiv1').style.display === 'none') {","                    document.querySelector('#testReportDiv1').style.display = 'block';","                    document.querySelector('#testRunButton1').textContent =","                        'hide internal test';","                    local.modeTest = true;","                    local.testRunDefault(local);","                // hide tests","                } else {","                    document.querySelector('#testReportDiv1').style.display = 'none';","                    document.querySelector('#testRunButton1').textContent = 'run internal test';","                }","                break;","            // custom-case","            default:","                break;","            }","            if (document.querySelector('#inputTextareaEval1') && (!event || (event &&","                    event.currentTarget &&","                    event.currentTarget.className &&","                    event.currentTarget.className.includes &&","                    event.currentTarget.className.includes('oneval')))) {","                // try to eval input-code","                try {","                    /*jslint evil: true*/","                    eval(document.querySelector('#inputTextareaEval1').value);","                } catch (errorCaught) {","                    console.error(errorCaught);","                }","            }","        };","        // log stderr and stdout to #outputTextareaStdout1","        ['error', 'log'].forEach(function (key) {","            console[key + '_original'] = console[key];","            console[key] = function () {","                var element;","                console[key + '_original'].apply(console, arguments);","                element = document.querySelector('#outputTextareaStdout1');","                if (!element) {","                    return;","                }","                // append text to #outputTextareaStdout1","                element.value += Array.from(arguments).map(function (arg) {","                    return typeof arg === 'string'","                        ? arg","                        : JSON.stringify(arg, null, 4);","                }).join(' ') + '\\n';","                // scroll textarea to bottom","                element.scrollTop = element.scrollHeight;","            };","        });","        // init event-handling","        ['change', 'click', 'keyup'].forEach(function (event) {","            Array.from(document.querySelectorAll('.on' + event)).forEach(function (element) {","                element.addEventListener(event, local.testRunBrowser);","            });","        });","        // run tests","        local.testRunBrowser();","        break;","","","","    // run node js-env code - post-init","    /* istanbul ignore next */","    case 'node':","        // export local","        module.exports = local;","        // require modules","        local.fs = require('fs');","        local.http = require('http');","        local.url = require('url');","        // init assets","        local.assetsDict = local.assetsDict || {};","        /* jslint-ignore-begin */","        local.assetsDict['/assets.index.template.html'] = '\\","<!doctype html>\\n\\","<html lang=\"en\">\\n\\","<head>\\n\\","<meta charset=\"UTF-8\">\\n\\","<meta name=\"viewport\" content=\"width=device-width, initial-scale=1\">\\n\\","<title>{{env.npm_package_name}} (v{{env.npm_package_version}})</title>\\n\\","<style>\\n\\","/*csslint\\n\\","    box-sizing: false,\\n\\","    universal-selector: false\\n\\","*/\\n\\","* {\\n\\","    box-sizing: border-box;\\n\\","}\\n\\","body {\\n\\","    background: #dde;\\n\\","    font-family: Arial, Helvetica, sans-serif;\\n\\","    margin: 2rem;\\n\\","}\\n\\","body > * {\\n\\","    margin-bottom: 1rem;\\n\\","}\\n\\",".utility2FooterDiv {\\n\\","    margin-top: 20px;\\n\\","    text-align: center;\\n\\","}\\n\\","</style>\\n\\","<style>\\n\\","/*csslint\\n\\","*/\\n\\","textarea {\\n\\","    font-family: monospace;\\n\\","    height: 10rem;\\n\\","    width: 100%;\\n\\","}\\n\\","textarea[readonly] {\\n\\","    background: #ddd;\\n\\","}\\n\\","</style>\\n\\","</head>\\n\\","<body>\\n\\","<!-- utility2-comment\\n\\","<div id=\"ajaxProgressDiv1\" style=\"background: #d00; height: 2px; left: 0; margin: 0; padding: 0; position: fixed; top: 0; transition: background 0.5s, width 1.5s; width: 25%;\"></div>\\n\\","utility2-comment -->\\n\\","<h1>\\n\\","<!-- utility2-comment\\n\\","    <a\\n\\","        {{#if env.npm_package_homepage}}\\n\\","        href=\"{{env.npm_package_homepage}}\"\\n\\","        {{/if env.npm_package_homepage}}\\n\\","        target=\"_blank\"\\n\\","    >\\n\\","utility2-comment -->\\n\\","        {{env.npm_package_name}} (v{{env.npm_package_version}})\\n\\","<!-- utility2-comment\\n\\","    </a>\\n\\","utility2-comment -->\\n\\","</h1>\\n\\","<h3>{{env.npm_package_description}}</h3>\\n\\","<!-- utility2-comment\\n\\","<h4><a download href=\"assets.app.js\">download standalone app</a></h4>\\n\\","<button class=\"onclick onreset\" id=\"testRunButton1\">run internal test</button><br>\\n\\","<div id=\"testReportDiv1\" style=\"display: none;\"></div>\\n\\","utility2-comment -->\\n\\","\\n\\","\\n\\","\\n\\","<label>stderr and stdout</label>\\n\\","<textarea class=\"resettable\" id=\"outputTextareaStdout1\" readonly></textarea>\\n\\","<!-- utility2-comment\\n\\","{{#if isRollup}}\\n\\","<script src=\"assets.app.js\"></script>\\n\\","{{#unless isRollup}}\\n\\","utility2-comment -->\\n\\","<script src=\"assets.utility2.rollup.js\"></script>\\n\\","<script src=\"jsonp.utility2._stateInit?callback=window.utility2._stateInit\"></script>\\n\\","<script src=\"assets.npmtest_sequelize_auto.rollup.js\"></script>\\n\\","<script src=\"assets.example.js\"></script>\\n\\","<script src=\"assets.test.js\"></script>\\n\\","<!-- utility2-comment\\n\\","{{/if isRollup}}\\n\\","utility2-comment -->\\n\\","<div class=\"utility2FooterDiv\">\\n\\","    [ this app was created with\\n\\","    <a href=\"https://github.com/kaizhu256/node-utility2\" target=\"_blank\">utility2</a>\\n\\","    ]\\n\\","</div>\\n\\","</body>\\n\\","</html>\\n\\","';","        /* jslint-ignore-end */","        if (local.templateRender) {","            local.assetsDict['/'] = local.templateRender(","                local.assetsDict['/assets.index.template.html'],","                {","                    env: local.objectSetDefault(local.env, {","                        npm_package_description: 'the greatest app in the world!',","                        npm_package_name: 'my-app',","                        npm_package_nameAlias: 'my_app',","                        npm_package_version: '0.0.1'","                    })","                }","            );","        } else {","            local.assetsDict['/'] = local.assetsDict['/assets.index.template.html']","                .replace((/\\{\\{env\\.(\\w+?)\\}\\}/g), function (match0, match1) {","                    // jslint-hack","                    String(match0);","                    switch (match1) {","                    case 'npm_package_description':","                        return 'the greatest app in the world!';","                    case 'npm_package_name':","                        return 'my-app';","                    case 'npm_package_nameAlias':","                        return 'my_app';","                    case 'npm_package_version':","                        return '0.0.1';","                    }","                });","        }","        // run the cli","        if (local.global.utility2_rollup || module !== require.main) {","            break;","        }","        local.assetsDict['/assets.example.js'] =","            local.assetsDict['/assets.example.js'] ||","            local.fs.readFileSync(__filename, 'utf8');","        // bug-workaround - long $npm_package_buildCustomOrg","        /* jslint-ignore-begin */","        local.assetsDict['/assets.npmtest_sequelize_auto.rollup.js'] =","            local.assetsDict['/assets.npmtest_sequelize_auto.rollup.js'] ||","            local.fs.readFileSync(","                local.npmtest_sequelize_auto.__dirname + '/lib.npmtest_sequelize_auto.js',","                'utf8'","            ).replace((/^#!/), '//');","        /* jslint-ignore-end */","        local.assetsDict['/favicon.ico'] = local.assetsDict['/favicon.ico'] || '';","        // if $npm_config_timeout_exit exists,","        // then exit this process after $npm_config_timeout_exit ms","        if (Number(process.env.npm_config_timeout_exit)) {","            setTimeout(process.exit, Number(process.env.npm_config_timeout_exit));","        }","        // start server","        if (local.global.utility2_serverHttp1) {","            break;","        }","        process.env.PORT = process.env.PORT || '8081';","        console.error('server starting on port ' + process.env.PORT);","        local.http.createServer(function (request, response) {","            request.urlParsed = local.url.parse(request.url);","            if (local.assetsDict[request.urlParsed.pathname] !== undefined) {","                response.end(local.assetsDict[request.urlParsed.pathname]);","                return;","            }","            response.statusCode = 404;","            response.end();","        }).listen(process.env.PORT);","        break;","    }","}());",""],"l":{"26":2,"28":2,"33":2,"35":2,"37":2,"38":2,"39":2,"44":1,"51":2,"55":2,"59":2,"61":2,"69":1,"70":2,"76":2,"79":2,"82":2,"83":2,"85":1,"89":2,"92":1,"93":1,"94":1,"96":1,"97":1,"100":1,"101":1,"103":1,"106":1,"108":2,"114":1,"116":1,"118":1,"123":1,"124":2,"125":2,"126":3,"127":3,"128":3,"129":3,"130":1,"133":3,"134":3,"139":3,"143":1,"144":3,"145":1,"149":1,"150":1,"158":1,"160":1,"161":1,"162":1,"164":1,"166":1,"258":1,"259":1,"271":1,"274":6,"275":6,"277":1,"279":2,"281":1,"283":2,"288":1,"289":1,"291":1,"296":1,"303":1,"306":1,"307":1,"310":1,"311":1,"313":1,"314":1,"315":1,"316":1,"317":1,"318":1,"319":1,"321":1,"322":1,"324":1}},"/home/travis/build/npmtest/node-npmtest-sequelize-auto/node_modules/sequelize-auto/index.js":{"path":"/home/travis/build/npmtest/node-npmtest-sequelize-auto/node_modules/sequelize-auto/index.js","s":{"1":1},"b":{},"f":{},"fnMap":{},"statementMap":{"1":{"start":{"line":1,"column":0},"end":{"line":1,"column":34}}},"branchMap":{},"code":["module.exports = require('./lib');"],"l":{"1":1}},"/home/travis/build/npmtest/node-npmtest-sequelize-auto/node_modules/sequelize-auto/lib/index.js":{"path":"/home/travis/build/npmtest/node-npmtest-sequelize-auto/node_modules/sequelize-auto/lib/index.js","s":{"1":1,"2":1,"3":1,"4":1,"5":1,"6":1,"7":1,"8":1,"9":1,"10":0,"11":0,"12":0,"13":0,"14":0,"15":0,"16":0,"17":0,"18":0,"19":0,"20":1,"21":0,"22":1,"23":0,"24":0,"25":0,"26":0,"27":0,"28":0,"29":0,"30":0,"31":1,"32":0,"33":0,"34":0,"35":0,"36":0,"37":0,"38":0,"39":0,"40":0,"41":1,"42":0,"43":0,"44":0,"45":1,"46":0,"47":0,"48":0,"49":0,"50":0,"51":0,"52":1,"53":0,"54":0,"55":0,"56":0,"57":0,"58":0,"59":0,"60":0,"61":0,"62":0,"63":0,"64":0,"65":0,"66":0,"67":0,"68":0,"69":0,"70":0,"71":1,"72":0,"73":0,"74":0,"75":0,"76":1,"77":0,"78":0,"79":0,"80":0,"81":0,"82":0,"83":0,"84":0,"85":0,"86":0,"87":0,"88":0,"89":0,"90":0,"91":0,"92":0,"93":0,"94":0,"95":0,"96":0,"97":0,"98":0,"99":0,"100":0,"101":0,"102":0,"103":0,"104":0,"105":0,"106":0,"107":0,"108":0,"109":0,"110":0,"111":0,"112":0,"113":0,"114":0,"115":0,"116":0,"117":0,"118":0,"119":0,"120":0,"121":0,"122":0,"123":0,"124":0,"125":0,"126":0,"127":0,"128":0,"129":0,"130":0,"131":0,"132":0,"133":0,"134":0,"135":0,"136":0,"137":0,"138":0,"139":0,"140":0,"141":0,"142":0,"143":0,"144":0,"145":0,"146":0,"147":0,"148":0,"149":0,"150":0,"151":0,"152":0,"153":0,"154":0,"155":0,"156":0,"157":0,"158":0,"159":0,"160":0,"161":0,"162":0,"163":0,"164":0,"165":0,"166":0,"167":0,"168":0,"169":0,"170":0,"171":0,"172":0,"173":0,"174":0,"175":0,"176":0,"177":0,"178":0,"179":0,"180":0,"181":0,"182":0,"183":0,"184":0,"185":0,"186":0,"187":0,"188":0,"189":0,"190":0,"191":0,"192":0,"193":0,"194":0,"195":0,"196":0,"197":0,"198":0,"199":0,"200":0,"201":0,"202":0,"203":0,"204":0,"205":0,"206":0,"207":0,"208":0,"209":0,"210":0,"211":1,"212":0,"213":0,"214":0,"215":0,"216":0,"217":0,"218":0,"219":0,"220":0,"221":0,"222":0,"223":0,"224":1,"225":0,"226":0,"227":0,"228":0,"229":1,"230":0,"231":1},"b":{"1":[0,0],"2":[0,0,0],"3":[0,0],"4":[0,0],"5":[0,0],"6":[0,0],"7":[0,0],"8":[0,0],"9":[0,0],"10":[0,0],"11":[0,0],"12":[0,0],"13":[0,0,0,0],"14":[0,0],"15":[0,0],"16":[0,0],"17":[0,0],"18":[0,0],"19":[0,0],"20":[0,0],"21":[0,0],"22":[0,0],"23":[0,0],"24":[0,0],"25":[0,0],"26":[0,0],"27":[0,0],"28":[0,0],"29":[0,0],"30":[0,0],"31":[0,0],"32":[0,0],"33":[0,0,0],"34":[0,0],"35":[0,0],"36":[0,0],"37":[0,0],"38":[0,0],"39":[0,0],"40":[0,0,0,0],"41":[0,0],"42":[0,0],"43":[0,0],"44":[0,0,0],"45":[0,0],"46":[0,0],"47":[0,0],"48":[0,0],"49":[0,0],"50":[0,0],"51":[0,0],"52":[0,0],"53":[0,0],"54":[0,0],"55":[0,0],"56":[0,0],"57":[0,0],"58":[0,0],"59":[0,0],"60":[0,0],"61":[0,0],"62":[0,0],"63":[0,0,0],"64":[0,0],"65":[0,0],"66":[0,0],"67":[0,0],"68":[0,0],"69":[0,0],"70":[0,0],"71":[0,0],"72":[0,0],"73":[0,0],"74":[0,0],"75":[0,0],"76":[0,0],"77":[0,0],"78":[0,0],"79":[0,0],"80":[0,0],"81":[0,0],"82":[0,0],"83":[0,0],"84":[0,0],"85":[0,0],"86":[0,0],"87":[0,0],"88":[0,0],"89":[0,0],"90":[0,0],"91":[0,0]},"f":{"1":0,"2":0,"3":0,"4":0,"5":0,"6":0,"7":0,"8":0,"9":0,"10":0,"11":0,"12":0,"13":0,"14":0,"15":0,"16":0,"17":0,"18":0,"19":0,"20":0,"21":0},"fnMap":{"1":{"name":"AutoSequelize","line":10,"loc":{"start":{"line":10,"column":0},"end":{"line":10,"column":62}}},"2":{"name":"(anonymous_2)","line":36,"loc":{"start":{"line":36,"column":32},"end":{"line":36,"column":51}}},"3":{"name":"mapTable","line":39,"loc":{"start":{"line":39,"column":2},"end":{"line":39,"column":37}}},"4":{"name":"(anonymous_4)","line":40,"loc":{"start":{"line":40,"column":71},"end":{"line":40,"column":88}}},"5":{"name":"(anonymous_5)","line":51,"loc":{"start":{"line":51,"column":12},"end":{"line":51,"column":33}}},"6":{"name":"processTables","line":58,"loc":{"start":{"line":58,"column":2},"end":{"line":58,"column":35}}},"7":{"name":"mapTables","line":70,"loc":{"start":{"line":70,"column":4},"end":{"line":70,"column":28}}},"8":{"name":"mapForeignKeys","line":77,"loc":{"start":{"line":77,"column":2},"end":{"line":77,"column":37}}},"9":{"name":"(anonymous_9)","line":85,"loc":{"start":{"line":85,"column":12},"end":{"line":85,"column":27}}},"10":{"name":"assignColumnDetails","line":90,"loc":{"start":{"line":90,"column":4},"end":{"line":90,"column":38}}},"11":{"name":"(anonymous_11)","line":92,"loc":{"start":{"line":92,"column":27},"end":{"line":92,"column":49}}},"12":{"name":"(anonymous_12)","line":131,"loc":{"start":{"line":131,"column":30},"end":{"line":131,"column":49}}},"13":{"name":"generateText","line":138,"loc":{"start":{"line":138,"column":2},"end":{"line":138,"column":29}}},"14":{"name":"(anonymous_14)","line":142,"loc":{"start":{"line":142,"column":36},"end":{"line":142,"column":62}}},"15":{"name":"(anonymous_15)","line":155,"loc":{"start":{"line":155,"column":21},"end":{"line":155,"column":39}}},"16":{"name":"(anonymous_16)","line":173,"loc":{"start":{"line":173,"column":91},"end":{"line":173,"column":102}}},"17":{"name":"(anonymous_17)","line":178,"loc":{"start":{"line":178,"column":26},"end":{"line":178,"column":43}}},"18":{"name":"addAdditionalOption","line":357,"loc":{"start":{"line":357,"column":6},"end":{"line":357,"column":47}}},"19":{"name":"(anonymous_19)","line":373,"loc":{"start":{"line":373,"column":7},"end":{"line":373,"column":17}}},"20":{"name":"(anonymous_20)","line":384,"loc":{"start":{"line":384,"column":32},"end":{"line":384,"column":63}}},"21":{"name":"createFile","line":392,"loc":{"start":{"line":392,"column":2},"end":{"line":392,"column":40}}}},"statementMap":{"1":{"start":{"line":1,"column":0},"end":{"line":1,"column":37}},"2":{"start":{"line":2,"column":0},"end":{"line":2,"column":29}},"3":{"start":{"line":3,"column":0},"end":{"line":3,"column":38}},"4":{"start":{"line":4,"column":0},"end":{"line":4,"column":27}},"5":{"start":{"line":5,"column":0},"end":{"line":5,"column":31}},"6":{"start":{"line":6,"column":0},"end":{"line":6,"column":37}},"7":{"start":{"line":7,"column":0},"end":{"line":7,"column":26}},"8":{"start":{"line":8,"column":0},"end":{"line":8,"column":40}},"9":{"start":{"line":10,"column":0},"end":{"line":34,"column":1}},"10":{"start":{"line":11,"column":2},"end":{"line":12,"column":31}},"11":{"start":{"line":12,"column":4},"end":{"line":12,"column":31}},"12":{"start":{"line":14,"column":2},"end":{"line":18,"column":3}},"13":{"start":{"line":15,"column":4},"end":{"line":15,"column":30}},"14":{"start":{"line":17,"column":4},"end":{"line":17,"column":80}},"15":{"start":{"line":20,"column":2},"end":{"line":20,"column":59}},"16":{"start":{"line":21,"column":2},"end":{"line":21,"column":19}},"17":{"start":{"line":22,"column":2},"end":{"line":22,"column":24}},"18":{"start":{"line":23,"column":2},"end":{"line":23,"column":58}},"19":{"start":{"line":25,"column":2},"end":{"line":33,"column":20}},"20":{"start":{"line":36,"column":0},"end":{"line":129,"column":1}},"21":{"start":{"line":37,"column":2},"end":{"line":37,"column":18}},"22":{"start":{"line":39,"column":2},"end":{"line":44,"column":3}},"23":{"start":{"line":40,"column":4},"end":{"line":43,"column":18}},"24":{"start":{"line":41,"column":6},"end":{"line":41,"column":33}},"25":{"start":{"line":42,"column":6},"end":{"line":42,"column":18}},"26":{"start":{"line":46,"column":2},"end":{"line":56,"column":3}},"27":{"start":{"line":47,"column":4},"end":{"line":47,"column":74}},"28":{"start":{"line":48,"column":4},"end":{"line":53,"column":17}},"29":{"start":{"line":52,"column":6},"end":{"line":52,"column":42}},"30":{"start":{"line":55,"column":4},"end":{"line":55,"column":70}},"31":{"start":{"line":58,"column":2},"end":{"line":75,"column":3}},"32":{"start":{"line":59,"column":4},"end":{"line":60,"column":46}},"33":{"start":{"line":60,"column":6},"end":{"line":60,"column":46}},"34":{"start":{"line":62,"column":4},"end":{"line":62,"column":15}},"35":{"start":{"line":64,"column":4},"end":{"line":66,"column":55}},"36":{"start":{"line":64,"column":38},"end":{"line":64,"column":92}},"37":{"start":{"line":65,"column":9},"end":{"line":66,"column":55}},"38":{"start":{"line":65,"column":38},"end":{"line":65,"column":96}},"39":{"start":{"line":66,"column":38},"end":{"line":66,"column":55}},"40":{"start":{"line":68,"column":4},"end":{"line":68,"column":50}},"41":{"start":{"line":70,"column":4},"end":{"line":74,"column":5}},"42":{"start":{"line":71,"column":6},"end":{"line":71,"column":33}},"43":{"start":{"line":71,"column":15},"end":{"line":71,"column":33}},"44":{"start":{"line":73,"column":6},"end":{"line":73,"column":45}},"45":{"start":{"line":77,"column":2},"end":{"line":128,"column":3}},"46":{"start":{"line":78,"column":4},"end":{"line":78,"column":35}},"47":{"start":{"line":78,"column":24},"end":{"line":78,"column":35}},"48":{"start":{"line":80,"column":4},"end":{"line":80,"column":85}},"49":{"start":{"line":82,"column":4},"end":{"line":88,"column":11}},"50":{"start":{"line":86,"column":6},"end":{"line":86,"column":38}},"51":{"start":{"line":87,"column":6},"end":{"line":87,"column":10}},"52":{"start":{"line":90,"column":4},"end":{"line":127,"column":5}},"53":{"start":{"line":92,"column":6},"end":{"line":103,"column":9}},"54":{"start":{"line":93,"column":8},"end":{"line":102,"column":9}},"55":{"start":{"line":95,"column":10},"end":{"line":95,"column":33}},"56":{"start":{"line":97,"column":10},"end":{"line":97,"column":33}},"57":{"start":{"line":99,"column":10},"end":{"line":99,"column":32}},"58":{"start":{"line":101,"column":10},"end":{"line":101,"column":21}},"59":{"start":{"line":105,"column":6},"end":{"line":109,"column":14}},"60":{"start":{"line":111,"column":6},"end":{"line":114,"column":7}},"61":{"start":{"line":112,"column":8},"end":{"line":112,"column":31}},"62":{"start":{"line":113,"column":8},"end":{"line":113,"column":142}},"63":{"start":{"line":116,"column":6},"end":{"line":117,"column":27}},"64":{"start":{"line":117,"column":8},"end":{"line":117,"column":27}},"65":{"start":{"line":119,"column":6},"end":{"line":120,"column":31}},"66":{"start":{"line":120,"column":8},"end":{"line":120,"column":31}},"67":{"start":{"line":122,"column":7},"end":{"line":123,"column":31}},"68":{"start":{"line":123,"column":9},"end":{"line":123,"column":31}},"69":{"start":{"line":125,"column":6},"end":{"line":125,"column":62}},"70":{"start":{"line":126,"column":6},"end":{"line":126,"column":113}},"71":{"start":{"line":131,"column":0},"end":{"line":382,"column":1}},"72":{"start":{"line":132,"column":2},"end":{"line":132,"column":18}},"73":{"start":{"line":133,"column":2},"end":{"line":133,"column":16}},"74":{"start":{"line":134,"column":2},"end":{"line":134,"column":18}},"75":{"start":{"line":136,"column":2},"end":{"line":136,"column":27}},"76":{"start":{"line":138,"column":2},"end":{"line":381,"column":3}},"77":{"start":{"line":139,"column":4},"end":{"line":139,"column":27}},"78":{"start":{"line":140,"column":4},"end":{"line":140,"column":31}},"79":{"start":{"line":140,"column":13},"end":{"line":140,"column":31}},"80":{"start":{"line":142,"column":4},"end":{"line":380,"column":7}},"81":{"start":{"line":143,"column":6},"end":{"line":144,"column":22}},"82":{"start":{"line":146,"column":6},"end":{"line":148,"column":7}},"83":{"start":{"line":147,"column":8},"end":{"line":147,"column":62}},"84":{"start":{"line":150,"column":6},"end":{"line":150,"column":80}},"85":{"start":{"line":151,"column":6},"end":{"line":151,"column":75}},"86":{"start":{"line":152,"column":6},"end":{"line":152,"column":74}},"87":{"start":{"line":153,"column":6},"end":{"line":153,"column":81}},"88":{"start":{"line":155,"column":6},"end":{"line":338,"column":9}},"89":{"start":{"line":157,"column":8},"end":{"line":157,"column":122}},"90":{"start":{"line":159,"column":8},"end":{"line":161,"column":9}},"91":{"start":{"line":160,"column":10},"end":{"line":160,"column":59}},"92":{"start":{"line":164,"column":8},"end":{"line":164,"column":58}},"93":{"start":{"line":165,"column":8},"end":{"line":165,"column":76}},"94":{"start":{"line":166,"column":8},"end":{"line":166,"column":61}},"95":{"start":{"line":169,"column":8},"end":{"line":169,"column":64}},"96":{"start":{"line":172,"column":8},"end":{"line":174,"column":9}},"97":{"start":{"line":173,"column":10},"end":{"line":173,"column":163}},"98":{"start":{"line":173,"column":104},"end":{"line":173,"column":143}},"99":{"start":{"line":176,"column":8},"end":{"line":176,"column":108}},"100":{"start":{"line":178,"column":8},"end":{"line":320,"column":11}},"101":{"start":{"line":179,"column":10},"end":{"line":179,"column":172}},"102":{"start":{"line":182,"column":10},"end":{"line":184,"column":11}},"103":{"start":{"line":183,"column":12},"end":{"line":183,"column":24}},"104":{"start":{"line":186,"column":10},"end":{"line":316,"column":11}},"105":{"start":{"line":187,"column":12},"end":{"line":195,"column":30}},"106":{"start":{"line":188,"column":14},"end":{"line":188,"column":78}},"107":{"start":{"line":190,"column":17},"end":{"line":195,"column":30}},"108":{"start":{"line":191,"column":14},"end":{"line":191,"column":74}},"109":{"start":{"line":192,"column":14},"end":{"line":192,"column":148}},"110":{"start":{"line":193,"column":14},"end":{"line":193,"column":146}},"111":{"start":{"line":194,"column":14},"end":{"line":194,"column":59}},"112":{"start":{"line":195,"column":19},"end":{"line":195,"column":30}},"113":{"start":{"line":197,"column":15},"end":{"line":316,"column":11}},"114":{"start":{"line":198,"column":13},"end":{"line":200,"column":28}},"115":{"start":{"line":199,"column":14},"end":{"line":199,"column":75}},"116":{"start":{"line":200,"column":17},"end":{"line":200,"column":28}},"117":{"start":{"line":202,"column":15},"end":{"line":316,"column":11}},"118":{"start":{"line":203,"column":12},"end":{"line":203,"column":100}},"119":{"start":{"line":205,"column":15},"end":{"line":316,"column":11}},"120":{"start":{"line":206,"column":12},"end":{"line":208,"column":13}},"121":{"start":{"line":207,"column":14},"end":{"line":207,"column":32}},"122":{"start":{"line":210,"column":12},"end":{"line":210,"column":38}},"123":{"start":{"line":212,"column":12},"end":{"line":212,"column":40}},"124":{"start":{"line":212,"column":29},"end":{"line":212,"column":40}},"125":{"start":{"line":215,"column":12},"end":{"line":221,"column":13}},"126":{"start":{"line":216,"column":14},"end":{"line":216,"column":55}},"127":{"start":{"line":219,"column":17},"end":{"line":221,"column":13}},"128":{"start":{"line":220,"column":14},"end":{"line":220,"column":56}},"129":{"start":{"line":223,"column":12},"end":{"line":237,"column":13}},"130":{"start":{"line":224,"column":14},"end":{"line":224,"column":76}},"131":{"start":{"line":225,"column":14},"end":{"line":236,"column":15}},"132":{"start":{"line":226,"column":16},"end":{"line":233,"column":17}},"133":{"start":{"line":227,"column":18},"end":{"line":227,"column":86}},"134":{"start":{"line":229,"column":21},"end":{"line":233,"column":17}},"135":{"start":{"line":230,"column":18},"end":{"line":230,"column":70}},"136":{"start":{"line":232,"column":18},"end":{"line":232,"column":67}},"137":{"start":{"line":235,"column":16},"end":{"line":235,"column":65}},"138":{"start":{"line":239,"column":12},"end":{"line":247,"column":13}},"139":{"start":{"line":240,"column":14},"end":{"line":240,"column":26}},"140":{"start":{"line":242,"column":14},"end":{"line":242,"column":127}},"141":{"start":{"line":245,"column":14},"end":{"line":245,"column":51}},"142":{"start":{"line":246,"column":14},"end":{"line":246,"column":79}},"143":{"start":{"line":249,"column":15},"end":{"line":316,"column":11}},"144":{"start":{"line":250,"column":12},"end":{"line":250,"column":110}},"145":{"start":{"line":252,"column":12},"end":{"line":252,"column":78}},"146":{"start":{"line":253,"column":12},"end":{"line":253,"column":84}},"147":{"start":{"line":255,"column":12},"end":{"line":314,"column":13}},"148":{"start":{"line":256,"column":14},"end":{"line":256,"column":40}},"149":{"start":{"line":258,"column":17},"end":{"line":314,"column":13}},"150":{"start":{"line":259,"column":14},"end":{"line":259,"column":50}},"151":{"start":{"line":260,"column":14},"end":{"line":260,"column":78}},"152":{"start":{"line":262,"column":14},"end":{"line":262,"column":54}},"153":{"start":{"line":263,"column":14},"end":{"line":263,"column":46}},"154":{"start":{"line":263,"column":28},"end":{"line":263,"column":46}},"155":{"start":{"line":265,"column":14},"end":{"line":265,"column":50}},"156":{"start":{"line":266,"column":14},"end":{"line":266,"column":42}},"157":{"start":{"line":266,"column":24},"end":{"line":266,"column":42}},"158":{"start":{"line":268,"column":17},"end":{"line":314,"column":13}},"159":{"start":{"line":269,"column":14},"end":{"line":269,"column":39}},"160":{"start":{"line":271,"column":17},"end":{"line":314,"column":13}},"161":{"start":{"line":272,"column":14},"end":{"line":272,"column":50}},"162":{"start":{"line":273,"column":14},"end":{"line":273,"column":77}},"163":{"start":{"line":275,"column":17},"end":{"line":314,"column":13}},"164":{"start":{"line":276,"column":14},"end":{"line":276,"column":39}},"165":{"start":{"line":278,"column":17},"end":{"line":314,"column":13}},"166":{"start":{"line":279,"column":14},"end":{"line":279,"column":50}},"167":{"start":{"line":280,"column":14},"end":{"line":280,"column":75}},"168":{"start":{"line":282,"column":17},"end":{"line":314,"column":13}},"169":{"start":{"line":283,"column":14},"end":{"line":283,"column":37}},"170":{"start":{"line":285,"column":17},"end":{"line":314,"column":13}},"171":{"start":{"line":286,"column":14},"end":{"line":286,"column":37}},"172":{"start":{"line":288,"column":17},"end":{"line":314,"column":13}},"173":{"start":{"line":289,"column":14},"end":{"line":289,"column":37}},"174":{"start":{"line":291,"column":17},"end":{"line":314,"column":13}},"175":{"start":{"line":292,"column":14},"end":{"line":292,"column":37}},"176":{"start":{"line":294,"column":17},"end":{"line":314,"column":13}},"177":{"start":{"line":295,"column":14},"end":{"line":295,"column":38}},"178":{"start":{"line":297,"column":17},"end":{"line":314,"column":13}},"179":{"start":{"line":298,"column":14},"end":{"line":298,"column":40}},"180":{"start":{"line":300,"column":17},"end":{"line":314,"column":13}},"181":{"start":{"line":301,"column":14},"end":{"line":301,"column":39}},"182":{"start":{"line":303,"column":17},"end":{"line":314,"column":13}},"183":{"start":{"line":304,"column":14},"end":{"line":304,"column":39}},"184":{"start":{"line":306,"column":17},"end":{"line":314,"column":13}},"185":{"start":{"line":307,"column":14},"end":{"line":307,"column":37}},"186":{"start":{"line":309,"column":17},"end":{"line":314,"column":13}},"187":{"start":{"line":310,"column":14},"end":{"line":310,"column":38}},"188":{"start":{"line":312,"column":17},"end":{"line":314,"column":13}},"189":{"start":{"line":313,"column":14},"end":{"line":313,"column":41}},"190":{"start":{"line":315,"column":12},"end":{"line":315,"column":72}},"191":{"start":{"line":318,"column":10},"end":{"line":318,"column":29}},"192":{"start":{"line":319,"column":10},"end":{"line":319,"column":30}},"193":{"start":{"line":322,"column":8},"end":{"line":324,"column":9}},"194":{"start":{"line":323,"column":10},"end":{"line":323,"column":70}},"195":{"start":{"line":326,"column":8},"end":{"line":328,"column":9}},"196":{"start":{"line":327,"column":10},"end":{"line":327,"column":80}},"197":{"start":{"line":331,"column":8},"end":{"line":331,"column":67}},"198":{"start":{"line":333,"column":8},"end":{"line":333,"column":45}},"199":{"start":{"line":334,"column":8},"end":{"line":336,"column":9}},"200":{"start":{"line":335,"column":10},"end":{"line":335,"column":29}},"201":{"start":{"line":337,"column":8},"end":{"line":337,"column":28}},"202":{"start":{"line":340,"column":6},"end":{"line":340,"column":34}},"203":{"start":{"line":343,"column":6},"end":{"line":343,"column":108}},"204":{"start":{"line":345,"column":6},"end":{"line":345,"column":29}},"205":{"start":{"line":347,"column":6},"end":{"line":347,"column":72}},"206":{"start":{"line":349,"column":6},"end":{"line":351,"column":7}},"207":{"start":{"line":350,"column":8},"end":{"line":350,"column":60}},"208":{"start":{"line":353,"column":6},"end":{"line":353,"column":38}},"209":{"start":{"line":354,"column":6},"end":{"line":354,"column":69}},"210":{"start":{"line":355,"column":6},"end":{"line":355,"column":41}},"211":{"start":{"line":357,"column":6},"end":{"line":368,"column":7}},"212":{"start":{"line":358,"column":8},"end":{"line":367,"column":9}},"213":{"start":{"line":360,"column":10},"end":{"line":360,"column":55}},"214":{"start":{"line":361,"column":10},"end":{"line":361,"column":83}},"215":{"start":{"line":362,"column":10},"end":{"line":362,"column":80}},"216":{"start":{"line":363,"column":10},"end":{"line":363,"column":50}},"217":{"start":{"line":366,"column":10},"end":{"line":366,"column":70}},"218":{"start":{"line":371,"column":6},"end":{"line":371,"column":32}},"219":{"start":{"line":372,"column":6},"end":{"line":372,"column":22}},"220":{"start":{"line":374,"column":6},"end":{"line":374,"column":29}},"221":{"start":{"line":376,"column":6},"end":{"line":378,"column":7}},"222":{"start":{"line":377,"column":8},"end":{"line":377,"column":42}},"223":{"start":{"line":379,"column":6},"end":{"line":379,"column":35}},"224":{"start":{"line":384,"column":0},"end":{"line":395,"column":1}},"225":{"start":{"line":385,"column":2},"end":{"line":385,"column":34}},"226":{"start":{"line":386,"column":2},"end":{"line":386,"column":18}},"227":{"start":{"line":388,"column":2},"end":{"line":388,"column":52}},"228":{"start":{"line":390,"column":2},"end":{"line":390,"column":43}},"229":{"start":{"line":392,"column":2},"end":{"line":394,"column":3}},"230":{"start":{"line":393,"column":4},"end":{"line":393,"column":111}},"231":{"start":{"line":397,"column":0},"end":{"line":397,"column":30}}},"branchMap":{"1":{"line":11,"type":"if","locations":[{"start":{"line":11,"column":2},"end":{"line":11,"column":2}},{"start":{"line":11,"column":2},"end":{"line":11,"column":2}}]},"2":{"line":11,"type":"binary-expr","locations":[{"start":{"line":11,"column":6},"end":{"line":11,"column":13}},{"start":{"line":11,"column":17},"end":{"line":11,"column":45}},{"start":{"line":11,"column":49},"end":{"line":11,"column":66}}]},"3":{"line":14,"type":"if","locations":[{"start":{"line":14,"column":2},"end":{"line":14,"column":2}},{"start":{"line":14,"column":2},"end":{"line":14,"column":2}}]},"4":{"line":17,"type":"binary-expr","locations":[{"start":{"line":17,"column":65},"end":{"line":17,"column":72}},{"start":{"line":17,"column":76},"end":{"line":17,"column":78}}]},"5":{"line":33,"type":"binary-expr","locations":[{"start":{"line":33,"column":5},"end":{"line":33,"column":12}},{"start":{"line":33,"column":16},"end":{"line":33,"column":18}}]},"6":{"line":46,"type":"if","locations":[{"start":{"line":46,"column":2},"end":{"line":46,"column":2}},{"start":{"line":46,"column":2},"end":{"line":46,"column":2}}]},"7":{"line":46,"type":"binary-expr","locations":[{"start":{"line":46,"column":6},"end":{"line":46,"column":41}},{"start":{"line":46,"column":45},"end":{"line":46,"column":64}}]},"8":{"line":59,"type":"if","locations":[{"start":{"line":59,"column":4},"end":{"line":59,"column":4}},{"start":{"line":59,"column":4},"end":{"line":59,"column":4}}]},"9":{"line":64,"type":"if","locations":[{"start":{"line":64,"column":4},"end":{"line":64,"column":4}},{"start":{"line":64,"column":4},"end":{"line":64,"column":4}}]},"10":{"line":65,"type":"if","locations":[{"start":{"line":65,"column":9},"end":{"line":65,"column":9}},{"start":{"line":65,"column":9},"end":{"line":65,"column":9}}]},"11":{"line":71,"type":"if","locations":[{"start":{"line":71,"column":6},"end":{"line":71,"column":6}},{"start":{"line":71,"column":6},"end":{"line":71,"column":6}}]},"12":{"line":78,"type":"if","locations":[{"start":{"line":78,"column":4},"end":{"line":78,"column":4}},{"start":{"line":78,"column":4},"end":{"line":78,"column":4}}]},"13":{"line":93,"type":"switch","locations":[{"start":{"line":94,"column":8},"end":{"line":95,"column":33}},{"start":{"line":96,"column":8},"end":{"line":97,"column":33}},{"start":{"line":98,"column":8},"end":{"line":99,"column":32}},{"start":{"line":100,"column":8},"end":{"line":101,"column":21}}]},"14":{"line":111,"type":"if","locations":[{"start":{"line":111,"column":6},"end":{"line":111,"column":6}},{"start":{"line":111,"column":6},"end":{"line":111,"column":6}}]},"15":{"line":111,"type":"binary-expr","locations":[{"start":{"line":111,"column":10},"end":{"line":111,"column":48}},{"start":{"line":111,"column":52},"end":{"line":111,"column":90}}]},"16":{"line":116,"type":"if","locations":[{"start":{"line":116,"column":6},"end":{"line":116,"column":6}},{"start":{"line":116,"column":6},"end":{"line":116,"column":6}}]},"17":{"line":116,"type":"binary-expr","locations":[{"start":{"line":116,"column":10},"end":{"line":116,"column":45}},{"start":{"line":116,"column":49},"end":{"line":116,"column":75}}]},"18":{"line":119,"type":"if","locations":[{"start":{"line":119,"column":6},"end":{"line":119,"column":6}},{"start":{"line":119,"column":6},"end":{"line":119,"column":6}}]},"19":{"line":119,"type":"binary-expr","locations":[{"start":{"line":119,"column":10},"end":{"line":119,"column":49}},{"start":{"line":119,"column":53},"end":{"line":119,"column":83}}]},"20":{"line":122,"type":"if","locations":[{"start":{"line":122,"column":7},"end":{"line":122,"column":7}},{"start":{"line":122,"column":7},"end":{"line":122,"column":7}}]},"21":{"line":122,"type":"binary-expr","locations":[{"start":{"line":122,"column":11},"end":{"line":122,"column":49}},{"start":{"line":122,"column":53},"end":{"line":122,"column":82}}]},"22":{"line":125,"type":"binary-expr","locations":[{"start":{"line":125,"column":32},"end":{"line":125,"column":55}},{"start":{"line":125,"column":59},"end":{"line":125,"column":61}}]},"23":{"line":140,"type":"if","locations":[{"start":{"line":140,"column":4},"end":{"line":140,"column":4}},{"start":{"line":140,"column":4},"end":{"line":140,"column":4}}]},"24":{"line":147,"type":"cond-expr","locations":[{"start":{"line":147,"column":50},"end":{"line":147,"column":53}},{"start":{"line":147,"column":56},"end":{"line":147,"column":60}}]},"25":{"line":152,"type":"cond-expr","locations":[{"start":{"line":152,"column":47},"end":{"line":152,"column":65}},{"start":{"line":152,"column":68},"end":{"line":152,"column":73}}]},"26":{"line":157,"type":"cond-expr","locations":[{"start":{"line":157,"column":85},"end":{"line":157,"column":115}},{"start":{"line":157,"column":118},"end":{"line":157,"column":122}}]},"27":{"line":157,"type":"binary-expr","locations":[{"start":{"line":157,"column":25},"end":{"line":157,"column":48}},{"start":{"line":157,"column":52},"end":{"line":157,"column":82}}]},"28":{"line":159,"type":"if","locations":[{"start":{"line":159,"column":8},"end":{"line":159,"column":8}},{"start":{"line":159,"column":8},"end":{"line":159,"column":8}}]},"29":{"line":165,"type":"cond-expr","locations":[{"start":{"line":165,"column":49},"end":{"line":165,"column":67}},{"start":{"line":165,"column":70},"end":{"line":165,"column":75}}]},"30":{"line":172,"type":"if","locations":[{"start":{"line":172,"column":8},"end":{"line":172,"column":8}},{"start":{"line":172,"column":8},"end":{"line":172,"column":8}}]},"31":{"line":172,"type":"binary-expr","locations":[{"start":{"line":172,"column":12},"end":{"line":172,"column":61}},{"start":{"line":172,"column":65},"end":{"line":172,"column":101}}]},"32":{"line":176,"type":"binary-expr","locations":[{"start":{"line":176,"column":23},"end":{"line":176,"column":59}},{"start":{"line":176,"column":63},"end":{"line":176,"column":108}}]},"33":{"line":179,"type":"binary-expr","locations":[{"start":{"line":179,"column":28},"end":{"line":179,"column":64}},{"start":{"line":179,"column":68},"end":{"line":179,"column":106}},{"start":{"line":179,"column":110},"end":{"line":179,"column":172}}]},"34":{"line":182,"type":"if","locations":[{"start":{"line":182,"column":10},"end":{"line":182,"column":10}},{"start":{"line":182,"column":10},"end":{"line":182,"column":10}}]},"35":{"line":186,"type":"if","locations":[{"start":{"line":186,"column":10},"end":{"line":186,"column":10}},{"start":{"line":186,"column":10},"end":{"line":186,"column":10}}]},"36":{"line":187,"type":"if","locations":[{"start":{"line":187,"column":12},"end":{"line":187,"column":12}},{"start":{"line":187,"column":12},"end":{"line":187,"column":12}}]},"37":{"line":190,"type":"if","locations":[{"start":{"line":190,"column":17},"end":{"line":190,"column":17}},{"start":{"line":190,"column":17},"end":{"line":190,"column":17}}]},"38":{"line":197,"type":"if","locations":[{"start":{"line":197,"column":15},"end":{"line":197,"column":15}},{"start":{"line":197,"column":15},"end":{"line":197,"column":15}}]},"39":{"line":198,"type":"if","locations":[{"start":{"line":198,"column":13},"end":{"line":198,"column":13}},{"start":{"line":198,"column":13},"end":{"line":198,"column":13}}]},"40":{"line":198,"type":"binary-expr","locations":[{"start":{"line":198,"column":17},"end":{"line":198,"column":57}},{"start":{"line":198,"column":62},"end":{"line":198,"column":110}},{"start":{"line":198,"column":115},"end":{"line":198,"column":161}},{"start":{"line":198,"column":165},"end":{"line":198,"column":217}}]},"41":{"line":202,"type":"if","locations":[{"start":{"line":202,"column":15},"end":{"line":202,"column":15}},{"start":{"line":202,"column":15},"end":{"line":202,"column":15}}]},"42":{"line":205,"type":"if","locations":[{"start":{"line":205,"column":15},"end
[...]
l}","   */","  isPrimaryKey: function(record) {","    return _.isObject(record) && _.has(record, 'constraint_name') && record.constraint_name === \"PRIMARY\";","  },","  /**","   * Determines if record entry from the getForeignKeysQuery","   * results is an actual serial/auto increment key","   *","   * @param {Object} record The row entry from getForeignKeysQuery","   * @return {Bool}","   */","  isSerialKey: function(record) {","    return _.isObject(record) && _.has(record, 'extra') && record.extra === \"auto_increment\";","  }","}","","exports.mariadb = exports.mysql","","exports.postgres = {","  /**","   * Generates an SQL query that returns all foreign keys of a table.","   *","   * @param  {String} tableName  The name of the table.","   * @param  {String} schemaName The name of the schema.","   * @return {String}            The generated sql query.","   */","  getForeignKeysQuery: function(tableName, schemaName) {","    return 'SELECT \\","      o.conname AS constraint_name, \\","      (SELECT nspname FROM pg_namespace WHERE oid=m.relnamespace) AS source_schema, \\","      m.relname AS source_table, \\","      (SELECT a.attname FROM pg_attribute a WHERE a.attrelid = m.oid AND a.attnum = o.conkey[1] AND a.attisdropped = false) AS source_column, \\","      (SELECT nspname FROM pg_namespace WHERE oid=f.relnamespace) AS target_schema, \\","      f.relname AS target_table, \\","      (SELECT a.attname FROM pg_attribute a WHERE a.attrelid = f.oid AND a.attnum = o.confkey[1] AND a.attisdropped = false) AS target_column, \\","      o.contype, \\","      (SELECT d.adsrc AS extra FROM pg_catalog.pg_attribute a LEFT JOIN pg_catalog.pg_attrdef d ON (a.attrelid, a.attnum) = (d.adrelid,  d.adnum) \\ WHERE NOT a.attisdropped AND a.attnum > 0 AND a.attrelid = o.conrelid AND a.attnum = o.conkey[1]\\ LIMIT 1) \\","    FROM pg_constraint o \\","    LEFT JOIN pg_class c ON c.oid = o.conrelid \\","    LEFT JOIN pg_class f ON f.oid = o.confrelid \\","    LEFT JOIN pg_class m ON m.oid = o.conrelid \\","    WHERE o.conrelid = (SELECT oid FROM pg_class WHERE relname = \\'' + tableName + '\\' LIMIT 1)'","  },","  /**","   * Determines if record entry from the getForeignKeysQuery","   * results is an actual foreign key","   *","   * @param {Object} record The row entry from getForeignKeysQuery","   * @return {Bool}","   */","  isForeignKey: function(record) {","    return _.isObject(record) && _.has(record, 'contype') && record.contype === \"f\";","  },","  /**","   * Determines if record entry from the getForeignKeysQuery","   * results is a unique key","   *","   * @param {Object} record The row entry from getForeignKeysQuery","   * @return {Bool}","   */","  isUnique: function(record) {","    return _.isObject(record) && _.has(record, 'contype') && record.contype === \"u\";","  },","  /**","   * Determines if record entry from the getForeignKeysQuery","   * results is an actual primary key","   *","   * @param {Object} record The row entry from getForeignKeysQuery","   * @return {Bool}","   */","  isPrimaryKey: function(record) {","    return _.isObject(record) && _.has(record, 'contype') && record.contype === \"p\";","  },","  /**","   * Determines if record entry from the getForeignKeysQuery","   * results is an actual serial/auto increment key","   *","   * @param {Object} record The row entry from getForeignKeysQuery","   * @return {Bool}","   */","  isSerialKey: function(record) {","    return _.isObject(record) && exports.postgres.isPrimaryKey(record) && (_.has(record, 'extra') &&","          _.startsWith(record.extra, 'nextval')","        && _.includes(record.extra, '_seq')","        && _.includes(record.extra, '::regclass'));","  },","  /**","   * Overwrites Sequelize's native method for showing all tables.","   * This allows custom schema support","   * @param {String} schema The schema to list all tables from","   * @return {String}","   */","  showTablesQuery: function(schema) {","    return \"SELECT table_name FROM information_schema.tables WHERE table_schema = '\" + schema + \"' AND table_type LIKE '%TABLE' AND table_name != 'spatial_ref_sys';\";","  }","}","","exports.mssql = {","  /**","   * Generates an SQL query that returns all foreign keys of a table.","   *","   * @param  {String} tableName  The name of the table.","   * @param  {String} schemaName The name of the schema.","   * @return {String}            The generated sql query.","   */","  getForeignKeysQuery: function (tableName, schemaName) {","    return \"SELECT \\","      ccu.table_name AS source_table, \\","      ccu.constraint_name AS constraint_name, \\","      ccu.column_name AS source_column, \\","      kcu.table_name AS target_table, \\","      kcu.column_name AS target_column, \\","      tc.constraint_type AS constraint_type, \\","      c.is_identity AS is_identity \\","    FROM INFORMATION_SCHEMA.TABLE_CONSTRAINTS tc \\","    INNER JOIN INFORMATION_SCHEMA.CONSTRAINT_COLUMN_USAGE ccu \\","      ON ccu.CONSTRAINT_NAME = tc.CONSTRAINT_NAME \\","    LEFT JOIN INFORMATION_SCHEMA.REFERENTIAL_CONSTRAINTS rc \\","      ON ccu.CONSTRAINT_NAME = rc.CONSTRAINT_NAME \\","    LEFT JOIN INFORMATION_SCHEMA.KEY_COLUMN_USAGE kcu \\","      ON kcu.CONSTRAINT_NAME = rc.UNIQUE_CONSTRAINT_NAME AND tc.CONSTRAINT_TYPE = 'FOREIGN KEY' \\","    INNER JOIN sys.COLUMNS c \\","      ON c.name = ccu.column_name \\","      AND c.object_id = OBJECT_ID(ccu.table_name) \\","    WHERE ccu.table_name = \" + sequelize.Utils.addTicks(tableName, \"'\");","  },","  /**","   * Determines if record entry from the getForeignKeysQuery","   * results is an actual foreign key","   *","   * @param {Object} record The row entry from getForeignKeysQuery","   * @return {Bool}","   */","  isForeignKey: function (record) {","    return _.isObject(record) && _.has(record, 'constraint_type') && record.constraint_type === \"FOREIGN KEY\";","  },","  /**","   * Determines if record entry from the getForeignKeysQuery","   * results is an actual primary key","   *","   * @param {Object} record The row entry from getForeignKeysQuery","   * @return {Bool}","   */","  isPrimaryKey: function (record) {","    return _.isObject(record) && _.has(record, 'constraint_type') && record.constraint_type === \"PRIMARY KEY\";","  },","  /**","   * Determines if record entry from the getForeignKeysQuery","   * results is an actual serial/auto increment key","   *","   * @param {Object} record The row entry from getForeignKeysQuery","   * @return {Bool}","   */","  isSerialKey: function (record) {","    return _.isObject(record) && exports.mssql.isPrimaryKey(record) && (_.has(record, 'is_identity') &&","      record.is_identity);","  }","}",""],"l":{"2":1,"3":1,"5":1,"14":0,"24":0,"28":1,"37":0,"62":0,"72":0,"82":0,"92":0,"96":1,"98":1,"107":0,"131":0,"141":0,"151":0,"161":0,"173":0,"177":1,"186":0,"214":0,"224":0,"234":0}},"/home/travis/build/npmtest/node-npmtest-sequelize-auto/node_modules/sequelize-auto/lib/sql-string.js":{"path":"/home/travis/build/npmtest/node-npmtest-sequelize-auto/node_modules/sequelize-auto/lib/sql-string.js","s":{"1":1,"2":1,"3":1,"4":0,"5":0,"6":0,"7":0,"8":0,"9":0,"10":0,"11":0,"12":0,"13":0,"14":0,"15":0,"16":0,"17":0,"18":0,"19":0,"20":0,"21":0,"22":0,"23":0,"24":0,"25":0,"26":0,"27":0,"28":0,"29":0,"30":0,"31":0,"32":0,"33":0,"34":0,"35":0,"36":0,"37":0,"38":0,"39":1,"40":1,"41":0,"42":0,"43":0,"44":0,"45":0,"46":0,"47":0,"48":1,"49":1,"50":0,"51":0,"52":0,"53":0,"54":0,"55":0,"56":1},"b":{"1":[0,0],"2":[0,0],"3":[0,0,0],"4":[0,0],"5":[0,0],"6":[0,0],"7":[0,0],"8":[0,0],"9":[0,0],"10":[0,0],"11":[0,0],"12":[0,0],"13":[0,0],"14":[0,0,0],"15":[0,0,0,0,0,0,0],"16":[0,0],"17":[0,0],"18":[0,0],"19":[0,0],"20":[0,0],"21":[0,0]},"f":{"1":0,"2":0,"3":0,"4":0,"5":0,"6":0},"fnMap":{"1":{"name":"escape","line":9,"loc":{"start":{"line":9,"column":0},"end":{"line":9,"column":48}}},"2":{"name":"(anonymous_2)","line":61,"loc":{"start":{"line":61,"column":49},"end":{"line":61,"column":61}}},"3":{"name":"format","line":77,"loc":{"start":{"line":77,"column":0},"end":{"line":77,"column":48}}},"4":{"name":"(anonymous_4)","line":83,"loc":{"start":{"line":83,"column":28},"end":{"line":83,"column":44}}},"5":{"name":"formatNamedParameters","line":93,"loc":{"start":{"line":93,"column":0},"end":{"line":93,"column":63}}},"6":{"name":"(anonymous_6)","line":94,"loc":{"start":{"line":94,"column":40},"end":{"line":94,"column":61}}}},"statementMap":{"1":{"start":{"line":6,"column":0},"end":{"line":6,"column":47}},"2":{"start":{"line":7,"column":0},"end":{"line":7,"column":37}},"3":{"start":{"line":9,"column":0},"end":{"line":74,"column":1}},"4":{"start":{"line":10,"column":2},"end":{"line":10,"column":23}},"5":{"start":{"line":11,"column":2},"end":{"line":13,"column":3}},"6":{"start":{"line":12,"column":4},"end":{"line":12,"column":18}},"7":{"start":{"line":14,"column":2},"end":{"line":30,"column":3}},"8":{"start":{"line":19,"column":6},"end":{"line":21,"column":7}},"9":{"start":{"line":20,"column":8},"end":{"line":20,"column":22}},"10":{"start":{"line":22,"column":6},"end":{"line":22,"column":24}},"11":{"start":{"line":24,"column":6},"end":{"line":24,"column":22}},"12":{"start":{"line":28,"column":6},"end":{"line":28,"column":37}},"13":{"start":{"line":29,"column":6},"end":{"line":29,"column":12}},"14":{"start":{"line":32,"column":2},"end":{"line":34,"column":3}},"15":{"start":{"line":33,"column":4},"end":{"line":33,"column":83}},"16":{"start":{"line":36,"column":2},"end":{"line":42,"column":3}},"17":{"start":{"line":37,"column":4},"end":{"line":39,"column":5}},"18":{"start":{"line":38,"column":6},"end":{"line":38,"column":62}},"19":{"start":{"line":41,"column":4},"end":{"line":41,"column":51}},"20":{"start":{"line":44,"column":2},"end":{"line":50,"column":3}},"21":{"start":{"line":45,"column":4},"end":{"line":45,"column":72}},"22":{"start":{"line":46,"column":4},"end":{"line":48,"column":5}},"23":{"start":{"line":47,"column":6},"end":{"line":47,"column":72}},"24":{"start":{"line":49,"column":4},"end":{"line":49,"column":34}},"25":{"start":{"line":52,"column":2},"end":{"line":54,"column":3}},"26":{"start":{"line":53,"column":4},"end":{"line":53,"column":44}},"27":{"start":{"line":56,"column":2},"end":{"line":72,"column":3}},"28":{"start":{"line":59,"column":4},"end":{"line":59,"column":34}},"29":{"start":{"line":61,"column":4},"end":{"line":71,"column":7}},"30":{"start":{"line":62,"column":6},"end":{"line":70,"column":7}},"31":{"start":{"line":63,"column":19},"end":{"line":63,"column":32}},"32":{"start":{"line":64,"column":19},"end":{"line":64,"column":32}},"33":{"start":{"line":65,"column":19},"end":{"line":65,"column":32}},"34":{"start":{"line":66,"column":19},"end":{"line":66,"column":32}},"35":{"start":{"line":67,"column":19},"end":{"line":67,"column":32}},"36":{"start":{"line":68,"column":21},"end":{"line":68,"column":34}},"37":{"start":{"line":69,"column":17},"end":{"line":69,"column":33}},"38":{"start":{"line":73,"column":2},"end":{"line":73,"column":45}},"39":{"start":{"line":75,"column":0},"end":{"line":75,"column":24}},"40":{"start":{"line":77,"column":0},"end":{"line":90,"column":1}},"41":{"start":{"line":78,"column":2},"end":{"line":78,"column":29}},"42":{"start":{"line":80,"column":2},"end":{"line":82,"column":3}},"43":{"start":{"line":81,"column":4},"end":{"line":81,"column":59}},"44":{"start":{"line":83,"column":2},"end":{"line":89,"column":5}},"45":{"start":{"line":84,"column":4},"end":{"line":86,"column":5}},"46":{"start":{"line":85,"column":6},"end":{"line":85,"column":19}},"47":{"start":{"line":88,"column":4},"end":{"line":88,"column":59}},"48":{"start":{"line":91,"column":0},"end":{"line":91,"column":24}},"49":{"start":{"line":93,"column":0},"end":{"line":105,"column":1}},"50":{"start":{"line":94,"column":2},"end":{"line":104,"column":5}},"51":{"start":{"line":95,"column":4},"end":{"line":97,"column":5}},"52":{"start":{"line":96,"column":6},"end":{"line":96,"column":19}},"53":{"start":{"line":99,"column":4},"end":{"line":103,"column":5}},"54":{"start":{"line":100,"column":6},"end":{"line":100,"column":58}},"55":{"start":{"line":102,"column":6},"end":{"line":102,"column":91}},"56":{"start":{"line":106,"column":0},"end":{"line":106,"column":54}}},"branchMap":{"1":{"line":11,"type":"if","locations":[{"start":{"line":11,"column":2},"end":{"line":11,"column":2}},{"start":{"line":11,"column":2},"end":{"line":11,"column":2}}]},"2":{"line":11,"type":"binary-expr","locations":[{"start":{"line":11,"column":6},"end":{"line":11,"column":23}},{"start":{"line":11,"column":27},"end":{"line":11,"column":39}}]},"3":{"line":14,"type":"switch","locations":[{"start":{"line":15,"column":4},"end":{"line":22,"column":24}},{"start":{"line":23,"column":4},"end":{"line":24,"column":22}},{"start":{"line":25,"column":4},"end":{"line":29,"column":12}}]},"4":{"line":19,"type":"if","locations":[{"start":{"line":19,"column":6},"end":{"line":19,"column":6}},{"start":{"line":19,"column":6},"end":{"line":19,"column":6}}]},"5":{"line":19,"type":"binary-expr","locations":[{"start":{"line":19,"column":10},"end":{"line":19,"column":30}},{"start":{"line":19,"column":34},"end":{"line":19,"column":53}}]},"6":{"line":32,"type":"if","locations":[{"start":{"line":32,"column":2},"end":{"line":32,"column":2}},{"start":{"line":32,"column":2},"end":{"line":32,"column":2}}]},"7":{"line":36,"type":"if","locations":[{"start":{"line":36,"column":2},"end":{"line":36,"column":2}},{"start":{"line":36,"column":2},"end":{"line":36,"column":2}}]},"8":{"line":37,"type":"if","locations":[{"start":{"line":37,"column":4},"end":{"line":37,"column":4}},{"start":{"line":37,"column":4},"end":{"line":37,"column":4}}]},"9":{"line":44,"type":"if","locations":[{"start":{"line":44,"column":2},"end":{"line":44,"column":2}},{"start":{"line":44,"column":2},"end":{"line":44,"column":2}}]},"10":{"line":46,"type":"if","locations":[{"start":{"line":46,"column":4},"end":{"line":46,"column":4}},{"start":{"line":46,"column":4},"end":{"line":46,"column":4}}]},"11":{"line":46,"type":"binary-expr","locations":[{"start":{"line":46,"column":8},"end":{"line":46,"column":30}},{"start":{"line":46,"column":34},"end":{"line":46,"column":41}}]},"12":{"line":52,"type":"if","locations":[{"start":{"line":52,"column":2},"end":{"line":52,"column":2}},{"start":{"line":52,"column":2},"end":{"line":52,"column":2}}]},"13":{"line":56,"type":"if","locations":[{"start":{"line":56,"column":2},"end":{"line":56,"column":2}},{"start":{"line":56,"column":2},"end":{"line":56,"column":2}}]},"14":{"line":56,"type":"binary-expr","locations":[{"start":{"line":56,"column":6},"end":{"line":56,"column":28}},{"start":{"line":56,"column":32},"end":{"line":56,"column":52}},{"start":{"line":56,"column":56},"end":{"line":56,"column":75}}]},"15":{"line":62,"type":"switch","locations":[{"start":{"line":63,"column":8},"end":{"line":63,"column":32}},{"start":{"line":64,"column":8},"end":{"line":64,"column":32}},{"start":{"line":65,"column":8},"end":{"line":65,"column":32}},{"start":{"line":66,"column":8},"end":{"line":66,"column":32}},{"start":{"line":67,"column":8},"end":{"line":67,"column":32}},{"start":{"line":68,"column":8},"end":{"line":68,"column":34}},{"start":{"line":69,"column":8},"end":{"line":69,"column":33}}]},"16":{"line":73,"type":"cond-expr","locations":[{"start":{"line":73,"column":21},"end":{"line":73,"column":25}},{"start":{"line":73,"column":28},"end":{"line":73,"column":31}}]},"17":{"line":80,"type":"if","locations":[{"start":{"line":80,"column":2},"end":{"line":80,"column":2}},{"start":{"line":80,"column":2},"end":{"line":80,"column":2}}]},"18":{"line":84,"type":"if","locations":[{"start":{"line":84,"column":4},"end":{"line":84,"column":4}},{"start":{"line":84,"column":4},"end":{"line":84,"column":4}}]},"19":{"line":95,"type":"if","locations":[{"start":{"line":95,"column":4},"end":{"line":95,"column":4}},{"start":{"line":95,"column":4},"end":{"line":95,"column":4}}]},"20":{"line":95,"type":"binary-expr","locations":[{"start":{"line":95,"column":8},"end":{"line":95,"column":30}},{"start":{"line":95,"column":34},"end":{"line":95,"column":60}}]},"21":{"line":99,"type":"if","locations":[{"start":{"line":99,"column":4},"end":{"line":99,"column":4}},{"start":{"line":99,"column":4},"end":{"line":99,"column":4}}]}},"code":["","// https://github.com/sequelize/sequelize/blob/master/lib/sql-string.js","'use strict';","","/* jshint -W110 */","var dataTypes = require('sequelize').DataTypes;","var _ = require('sequelize').Utils._;","","function escape(val, timeZone, dialect, format) {","  var prependN = false;","  if (val === undefined || val === null) {","    return 'NULL';","  }","  switch (typeof val) {","    case 'boolean':","    // SQLite doesn't have true/false support. MySQL aliases true/false to 1/0","    // for us. Postgres actually has a boolean type with true/false literals,","    // but sequelize doesn't use it yet.","      if (dialect === 'sqlite' || dialect === 'mssql') {","        return +!!val;","      }","      return '' + !!val;","    case 'number':","      return val + '';","    case 'string':","    // In mssql, prepend N to all quoted vals which are originally a string (for","    // unicode compatibility)","      prependN = dialect === 'mssql';","      break;","  }","","  if (val instanceof Date) {","    val = dataTypes[dialect].DATE.prototype.stringify(val, { timezone: timeZone });","  }","","  if (Buffer.isBuffer(val)) {","    if (dataTypes[dialect].BLOB) {","      return dataTypes[dialect].BLOB.prototype.stringify(val);","    }","","    return dataTypes.BLOB.prototype.stringify(val);","  }","","  if (Array.isArray(val)) {","    var partialEscape = _.partial(escape, _, timeZone, dialect, format);","    if (dialect === 'postgres' && !format) {","      return dataTypes.ARRAY.prototype.stringify(val, {escape: escape});","    }","    return val.map(partialEscape);","  }","","  if (!val.replace) {","    throw new Error('Invalid value ' + val);","  }","","  if (dialect === 'postgres' || dialect === 'sqlite' || dialect === 'mssql') {","    // http://www.postgresql.org/docs/8.2/static/sql-syntax-lexical.html#SQL-SYNTAX-STRINGS","    // http://stackoverflow.com/q/603572/130598","    val = val.replace(/'/g, \"''\");","  } else {","    val = val.replace(/[\\0\\n\\r\\b\\t\\\\\\'\\\"\\x1a]/g, function(s) {","      switch (s) {","        case '\\0': return '\\\\0';","        case '\\n': return '\\\\n';","        case '\\r': return '\\\\r';","        case '\\b': return '\\\\b';","        case '\\t': return '\\\\t';","        case '\\x1a': return '\\\\Z';","        default: return '\\\\' + s;","      }","    });","  }","  return (prependN ? \"N'\" : \"'\") + val + \"'\";","}","exports.escape = escape;","","function format(sql, values, timeZone, dialect) {","  values = [].concat(values);","","  if (typeof sql !== 'string') {","    throw new Error('Invalid SQL string provided: ' + sql);","  }","  return sql.replace(/\\?/g, function(match) {","    if (!values.length) {","      return match;","    }","","    return escape(values.shift(), timeZone, dialect, true);","  });","}","exports.format = format;","","function formatNamedParameters(sql, values, timeZone, dialect) {","  return sql.replace(/\\:+(?!\\d)(\\w+)/g, function(value, key) {","    if ('postgres' === dialect && '::' === value.slice(0, 2)) {","      return value;","    }","","    if (values[key] !== undefined) {","      return escape(values[key], timeZone, dialect, true);","    } else {","      throw new Error('Named parameter \"' + value + '\" has no value in the given object.');","    }","  });","}","exports.formatNamedParameters = formatNamedParameters;",""],"l":{"6":1,"7":1,"9":1,"10":0,"11":0,"12":0,"14":0,"19":0,"20":0,"22":0,"24":0,"28":0,"29":0,"32":0,"33":0,"36":0,"37":0,"38":0,"41":0,"44":0,"45":0,"46":0,"47":0,"49":0,"52":0,"53":0,"56":0,"59":0,"61":0,"62":0,"63":0,"64":0,"65":0,"66":0,"67":0,"68":0,"69":0,"73":0,"75":1,"77":1,"78":0,"80":0,"81":0,"83":0,"84":0,"85":0,"88":0,"91":1,"93":1,"94":0,"95":0,"96":0,"99":0,"100":0,"102":0,"106":1}}}